#
# A fatal error has been detected by the Java Runtime Environment:
#
#  EXCEPTION_ACCESS_VIOLATION (0xc0000005) at pc=0x00007ffa4b85b796, pid=12580, tid=18472
#
# JRE version: OpenJDK Runtime Environment Temurin-20.0.1+9 (20.0.1+9) (build 20.0.1+9)
# Java VM: OpenJDK 64-Bit Server VM Temurin-20.0.1+9 (20.0.1+9, mixed mode, sharing, tiered, compressed oops, compressed class ptrs, g1 gc, windows-amd64)
# Problematic frame:
# C  [glass.dll+0x1b796]
#
# No core dump will be written. Minidumps are not enabled by default on client versions of Windows
#
# If you would like to submit a bug report, please visit:
#   https://github.com/adoptium/adoptium-support/issues
# The crash happened outside the Java Virtual Machine in native code.
# See problematic frame for where to report the bug.
#

---------------  S U M M A R Y ------------

Command Line: -javaagent:C:\Program Files\JetBrains\IntelliJ IDEA 2022.2\lib\idea_rt.jar=7234:C:\Program Files\JetBrains\IntelliJ IDEA 2022.2\bin -Dfile.encoding=UTF-8 -Dsun.stdout.encoding=UTF-8 -Dsun.stderr.encoding=UTF-8 --module-path=C:\Users\Omidreza\.m2\repository\org\openjfx\javafx-media\20-ea+4\javafx-media-20-ea+4-win.jar;C:\Users\Omidreza\.m2\repository\com\google\code\gson\gson\2.10.1\gson-2.10.1.jar;C:\Users\Omidreza\.m2\repository\org\openjfx\javafx-fxml\20-ea+4\javafx-fxml-20-ea+4-win.jar;C:\Users\Omidreza\.m2\repository\org\openjfx\javafx-base\20-ea+4\javafx-base-20-ea+4-win.jar;C:\Users\Omidreza\IdeaProjects\project-group-18\target\classes;C:\Users\Omidreza\.m2\repository\org\openjfx\javafx-graphics\20-ea+4\javafx-graphics-20-ea+4-win.jar;C:\Users\Omidreza\.m2\repository\org\openjfx\javafx-controls\20-ea+4\javafx-controls-20-ea+4-win.jar -Djdk.module.main=com.example com.example/com.example.view.Main

Host: 11th Gen Intel(R) Core(TM) i5-11300H @ 3.10GHz, 8 cores, 7G,  Windows 11 , 64 bit Build 22621 (10.0.22621.1635)
Time: Sat Jun  3 20:05:33 2023 Iran Standard Time elapsed time: 16.207967 seconds (0d 0h 0m 16s)

---------------  T H R E A D  ---------------

Current thread (0x000001c9cae1eb40):  JavaThread "JavaFX Application Thread" [_thread_in_native, id=18472, stack(0x000000490ab00000,0x000000490ac00000)]

Stack: [0x000000490ab00000,0x000000490ac00000],  sp=0x000000490abfdc90,  free space=1015k
Native frames: (J=compiled Java code, j=interpreted, Vv=VM code, C=native code)
C  [glass.dll+0x1b796]

Java frames: (J=compiled Java code, j=interpreted, Vv=VM code)
j  com.sun.glass.ui.win.WinWindow._close(J)Z+0 javafx.graphics@20-ea
j  com.sun.glass.ui.Window.close()V+63 javafx.graphics@20-ea
j  com.sun.glass.ui.win.WinWindow.close()V+8 javafx.graphics@20-ea
j  com.sun.glass.ui.Application.terminate()V+75 javafx.graphics@20-ea
j  com.sun.javafx.tk.quantum.QuantumToolkit.lambda$exit$14()Ljava/lang/Object;+5 javafx.graphics@20-ea
j  com.sun.javafx.tk.quantum.QuantumToolkit$$Lambda$480+0x000000080129c000.get()Ljava/lang/Object;+0 javafx.graphics@20-ea
j  com.sun.javafx.tk.quantum.QuantumToolkit.runWithRenderLock(Ljava/util/function/Supplier;)Ljava/lang/Object;+7 javafx.graphics@20-ea
j  com.sun.javafx.tk.quantum.QuantumToolkit.exit()V+26 javafx.graphics@20-ea
j  com.sun.javafx.application.PlatformImpl.lambda$tkExit$16()V+3 javafx.graphics@20-ea
j  com.sun.javafx.application.PlatformImpl$$Lambda$479+0x0000000801297cb0.run()V+0 javafx.graphics@20-ea
j  com.sun.javafx.application.PlatformImpl.lambda$runAndWait$12(Ljava/lang/Runnable;Ljava/util/concurrent/CountDownLatch;)V+1 javafx.graphics@20-ea
j  com.sun.javafx.application.PlatformImpl$$Lambda$91+0x0000000801086000.run()V+8 javafx.graphics@20-ea
j  com.sun.javafx.application.PlatformImpl.lambda$runLater$10(Ljava/lang/Runnable;)Ljava/lang/Void;+1 javafx.graphics@20-ea
j  com.sun.javafx.application.PlatformImpl$$Lambda$93+0x0000000801087228.run()Ljava/lang/Object;+4 javafx.graphics@20-ea
J 2395 c1 java.security.AccessController.doPrivileged(Ljava/security/PrivilegedAction;Ljava/security/AccessControlContext;)Ljava/lang/Object; java.base@20.0.1 (17 bytes) @ 0x000001c9b1e2b044 [0x000001c9b1e2ae60+0x00000000000001e4]
j  com.sun.javafx.application.PlatformImpl.lambda$runLater$11(Ljava/lang/Runnable;Ljava/security/AccessControlContext;)V+7 javafx.graphics@20-ea
j  com.sun.javafx.application.PlatformImpl$$Lambda$92+0x00000008010869c8.run()V+8 javafx.graphics@20-ea
J 2925 c1 com.sun.glass.ui.InvokeLaterDispatcher$Future.run()V javafx.graphics@20-ea (91 bytes) @ 0x000001c9b1f46174 [0x000001c9b1f46060+0x0000000000000114]
v  ~StubRoutines::call_stub 0x000001c9b8f410e7
j  com.sun.glass.ui.win.WinApplication._runLoop(Ljava/lang/Runnable;)V+0 javafx.graphics@20-ea
j  com.sun.glass.ui.win.WinApplication.lambda$runLoop$3(ILjava/lang/Runnable;)V+8 javafx.graphics@20-ea
j  com.sun.glass.ui.win.WinApplication$$Lambda$81+0x0000000801033090.run()V+12 javafx.graphics@20-ea
j  java.lang.Thread.runWith(Ljava/lang/Object;Ljava/lang/Runnable;)V+5 java.base@20.0.1
j  java.lang.Thread.run()V+19 java.base@20.0.1
v  ~StubRoutines::call_stub 0x000001c9b8f410e7

siginfo: EXCEPTION_ACCESS_VIOLATION (0xc0000005), reading address 0x0000000000000120


Registers:
RAX=0x0000000000000000, RBX=0x0000000000000000, RCX=0x0000000000000000, RDX=0x0000000000000000
RSP=0x000000490abfdc90, RBP=0x0000000000000000, RSI=0x0000000000000401, RDI=0x000000490abfdfe0
R8 =0x000000490abfdfe0, R9 =0x0000000000000000, R10=0x00007ffa4b868838, R11=0x0000000000000246
R12=0x0000000000000000, R13=0x0000000000000000, R14=0x0000000000000000, R15=0x0000000000000000
RIP=0x00007ffa4b85b796, EFLAGS=0x0000000000010206


Register to memory mapping:

RIP=0x00007ffa4b85b796 glass.dll
RAX=0x0 is NULL
RBX=0x0 is NULL
RCX=0x0 is NULL
RDX=0x0 is NULL
RSP=0x000000490abfdc90 is pointing into the stack for thread: 0x000001c9cae1eb40
RBP=0x0 is NULL
RSI=0x0000000000000401 is an unknown value
RDI=0x000000490abfdfe0 is pointing into the stack for thread: 0x000001c9cae1eb40
R8 =0x000000490abfdfe0 is pointing into the stack for thread: 0x000001c9cae1eb40
R9 =0x0 is NULL
R10=0x00007ffa4b868838 glass.dll
R11=0x0000000000000246 is an unknown value
R12=0x0 is NULL
R13=0x0 is NULL
R14=0x0 is NULL
R15=0x0 is NULL


Top of Stack: (sp=0x000000490abfdc90)
0x000000490abfdc90:   000001c900000578 000000490abfdca0
0x000000490abfdca0:   0000000000180016 00007ffa4b8675d0
0x000000490abfdcb0:   000000490abfdfe0 00007ffa4b85a521
0x000000490abfdcc0:   0000000000000000 000000490abfdfe0
0x000000490abfdcd0:   0000000000000401 000001c9a7b12670
0x000000490abfdce0:   000001c9cae527d0 00007ffa4b84a2d5
0x000000490abfdcf0:   000000490abfdfe0 00007ffa1b777d01
0x000000490abfdd00:   000000490abfc1a3 0000000000000001
0x000000490abfdd10:   0000000000000000 00007ffa4b8417bc
0x000000490abfdd20:   000001c9cae527d0 000000490abfdfe0
0x000000490abfdd30:   0000000000000401 000000000173099e
0x000000490abfdd40:   0000000000000401 00007ffa8dac8231
0x000000490abfdd50:   0000000000000000 000000490abfdf18
0x000000490abfdd60:   0000000080000022 0000000000000001
0x000000490abfdd70:   000001c9c690fd88 000001c9cae1eb40
0x000000490abfdd80:   0000000000000000 00000008010309e8
0x000000490abfdd90:   000001c900000000 0000000000000000
0x000000490abfdda0:   0000000100000000 00007ffa80000022
0x000000490abfddb0:   0000000000000000 0000000000000000
0x000000490abfddc0:   0000000000000000 0000000300000001
0x000000490abfddd0:   000001c9cae1eb40 00000000000000b6
0x000000490abfdde0:   000001c9c68eadc3 0000000000000000
0x000000490abfddf0:   000001c9cae1eb40 00007ffa1b65379e
0x000000490abfde00:   000001c9c68ee2d0 000000490abfdf40
0x000000490abfde10:   000001c9cae70700 000001c9cae70700
0x000000490abfde20:   00000000000a0100 00007ffa00000000
0x000000490abfde30:   0000000000000048 00007ffa00000001
0x000000490abfde40:   0000000000000000 0000000000000000
0x000000490abfde50:   0000000000000030 ffffffffffffffff
0x000000490abfde60:   ffffffffffffffff 00007ffa8dac8087
0x000000490abfde70:   0000000000000000 000001c9cae1eb40
0x000000490abfde80:   0000000000000000 0000000000000000 

Instructions: (pc=0x00007ffa4b85b796)
0x00007ffa4b85b696:   a8 00 00 00 41 5e 41 5d 41 5c 5e 5d 5b c3 cc cc
0x00007ffa4b85b6a6:   cc cc cc cc cc cc cc cc cc cc b0 01 c3 cc cc cc
0x00007ffa4b85b6b6:   cc cc cc cc cc cc cc cc cc cc 48 89 5c 24 08 57
0x00007ffa4b85b6c6:   48 83 ec 30 48 8b fa 48 8b d9 48 39 91 20 01 00
0x00007ffa4b85b6d6:   00 0f 84 a5 00 00 00 e8 ae 00 00 00 48 8b 93 20
0x00007ffa4b85b6e6:   01 00 00 48 85 d2 75 04 48 8b 53 08 48 89 54 24
0x00007ffa4b85b6f6:   20 4c 8b c7 48 85 ff 75 04 4c 8b 43 08 48 8d 0d
0x00007ffa4b85b706:   16 e9 00 00 4c 89 44 24 28 e8 3c 7f fe ff 48 8b
0x00007ffa4b85b716:   4c 24 20 4c 8d 44 24 20 48 8d 15 eb f8 ff ff ff
0x00007ffa4b85b726:   15 b5 de 01 00 48 8b 05 2e e2 01 00 48 85 c0 75
0x00007ffa4b85b736:   04 33 c9 eb 03 8b 48 40 4c 8d 44 24 20 48 8d 15
0x00007ffa4b85b746:   06 f9 ff ff ff 15 98 de 01 00 48 89 bb 20 01 00
0x00007ffa4b85b756:   00 e8 d4 37 00 00 4c 8b 05 9d e5 01 00 48 8b c8
0x00007ffa4b85b766:   48 8b 93 c0 00 00 00 4c 8b cf e8 7b 99 fe ff e8
0x00007ffa4b85b776:   b6 37 00 00 48 8b c8 e8 ce 36 00 00 48 8b 5c 24
0x00007ffa4b85b786:   40 48 83 c4 30 5f c3 cc cc cc 40 57 48 83 ec 20
0x00007ffa4b85b796:   48 8b 81 20 01 00 00 48 8b f9 48 85 c0 75 04 48
0x00007ffa4b85b7a6:   8b 41 08 48 3b 05 d0 e4 01 00 75 3b 48 89 5c 24
0x00007ffa4b85b7b6:   30 e8 74 37 00 00 4c 8b 05 2d e5 01 00 48 8b c8
0x00007ffa4b85b7c6:   48 8b 97 c0 00 00 00 48 8b d8 e8 1b 99 fe ff 48
0x00007ffa4b85b7d6:   8b cb e8 73 36 00 00 48 8b 5c 24 30 48 c7 05 93
0x00007ffa4b85b7e6:   e4 01 00 00 00 00 00 48 83 c4 20 5f c3 cc cc cc
0x00007ffa4b85b7f6:   cc cc cc cc cc cc cc cc cc cc 40 53 48 83 ec 50
0x00007ffa4b85b806:   48 8b 05 b3 b9 01 00 48 33 c4 48 89 44 24 40 48
0x00007ffa4b85b816:   8b d9 48 8b 49 08 ff 15 3e dd 01 00 85 c0 0f 85
0x00007ffa4b85b826:   1b 01 00 00 48 8b 4b 08 48 8d 54 24 30 ff 15 8f
0x00007ffa4b85b836:   db 01 00 48 8b 4b 08 48 8d 54 24 20 ff 15 e8 db
0x00007ffa4b85b846:   01 00 48 8b 4b 08 4c 8d 44 24 20 41 b9 02 00 00
0x00007ffa4b85b856:   00 33 d2 ff 15 d9 db 01 00 8b 44 24 24 2b 44 24
0x00007ffa4b85b866:   34 8b 4c 24 20 2b 4c 24 30 8b 54 24 3c 2b 54 24
0x00007ffa4b85b876:   2c 44 8b 44 24 38 44 2b 44 24 28 89 83 0c 01 00
0x00007ffa4b85b886:   00 89 8b 08 01 00 00 89 93 14 01 00 00 44 89 83 


Stack slot to memory mapping:
stack at sp + 0 slots: 0x000001c900000578 is an unknown value
stack at sp + 1 slots: 0x000000490abfdca0 is pointing into the stack for thread: 0x000001c9cae1eb40
stack at sp + 2 slots: 0x0000000000180016 is an unknown value
stack at sp + 3 slots: 0x00007ffa4b8675d0 glass.dll
stack at sp + 4 slots: 0x000000490abfdfe0 is pointing into the stack for thread: 0x000001c9cae1eb40
stack at sp + 5 slots: 0x00007ffa4b85a521 glass.dll
stack at sp + 6 slots: 0x0 is NULL
stack at sp + 7 slots: 0x000000490abfdfe0 is pointing into the stack for thread: 0x000001c9cae1eb40


Compiled method (c1)   16248 2395       3       java.security.AccessController::doPrivileged (17 bytes)
 total in heap  [0x000001c9b1e2ac90,0x000001c9b1e2b3b0] = 1824
 relocation     [0x000001c9b1e2add8,0x000001c9b1e2ae60] = 136
 main code      [0x000001c9b1e2ae60,0x000001c9b1e2b1a8] = 840
 stub code      [0x000001c9b1e2b1a8,0x000001c9b1e2b220] = 120
 metadata       [0x000001c9b1e2b220,0x000001c9b1e2b238] = 24
 scopes data    [0x000001c9b1e2b238,0x000001c9b1e2b2e8] = 176
 scopes pcs     [0x000001c9b1e2b2e8,0x000001c9b1e2b398] = 176
 dependencies   [0x000001c9b1e2b398,0x000001c9b1e2b3a0] = 8
 nul chk table  [0x000001c9b1e2b3a0,0x000001c9b1e2b3b0] = 16

[Constant Pool (empty)]

[MachCode]
[Verified Entry Point]
  # {method} {0x000000080046fc70} 'doPrivileged' '(Ljava/security/PrivilegedAction;Ljava/security/AccessControlContext;)Ljava/lang/Object;' in 'java/security/AccessController'
  # parm0:    rdx:rdx   = 'java/security/PrivilegedAction'
  # parm1:    r8:r8     = 'java/security/AccessControlContext'
  #           [sp+0x80]  (sp of caller)
  0x000001c9b1e2ae60: 8984 2400 | 80ff ff55 | 4883 ec70 | 4181 7f20 | 0100 0000 

  0x000001c9b1e2ae74: ;   {runtime_call StubRoutines (2)}
  0x000001c9b1e2ae74: 7405 e8c5 

  0x000001c9b1e2ae78: ;   {metadata(method data for {method} {0x000000080046fc70} 'doPrivileged' '(Ljava/security/PrivilegedAction;Ljava/security/AccessControlContext;)Ljava/lang/Object;' in 'java/security/AccessController')}
  0x000001c9b1e2ae78: 3416 0748 | be00 b917 | c7c9 0100 | 008b becc | 0000 0083 | c702 89be | cc00 0000 | 81e7 fe07 
  0x000001c9b1e2ae98: 0000 83ff | 000f 843d | 0200 004c | 8944 2440 | 4889 5424 

  0x000001c9b1e2aeac: ;   {metadata(method data for {method} {0x000000080046fc70} 'doPrivileged' '(Ljava/security/PrivilegedAction;Ljava/security/AccessControlContext;)Ljava/lang/Object;' in 'java/security/AccessController')}
  0x000001c9b1e2aeac: 4848 be00 | b917 c7c9 | 0100 0048 | 8386 1001 

  0x000001c9b1e2aebc: ;   {static_call}
  0x000001c9b1e2aebc: 0000 01e8 

  0x000001c9b1e2aec0: ; ImmutableOopMap {[64]=Oop [72]=Oop }
                      ;*invokestatic getCallerClass {reexecute=0 rethrow=0 return_oop=0}
                      ; - java.security.AccessController::doPrivileged@0 (line 398)
  0x000001c9b1e2aec0: fc2a 6f07 

  0x000001c9b1e2aec4: ;   {metadata(method data for {method} {0x000000080046fc70} 'doPrivileged' '(Ljava/security/PrivilegedAction;Ljava/security/AccessControlContext;)Ljava/lang/Object;' in 'java/security/AccessController')}
  0x000001c9b1e2aec4: 48ba 00b9 | 17c7 c901 | 0000 4883 | 8220 0100 | 0001 488b | 5424 404c | 8bc0 4889 | 4424 500f 
  0x000001c9b1e2aee4: ;   {static_call}
  0x000001c9b1e2aee4: 1f40 00e8 

  0x000001c9b1e2aee8: ; ImmutableOopMap {[72]=Oop [80]=Oop }
                      ;*invokestatic checkContext {reexecute=0 rethrow=0 return_oop=0}
                      ; - java.security.AccessController::doPrivileged@6 (line 399)
  0x000001c9b1e2aee8: b4c9 ffff | 4889 4424 

  0x000001c9b1e2aef0: ;   {metadata(method data for {method} {0x000000080046fc70} 'doPrivileged' '(Ljava/security/PrivilegedAction;Ljava/security/AccessControlContext;)Ljava/lang/Object;' in 'java/security/AccessController')}
  0x000001c9b1e2aef0: 5848 ba00 | b917 c7c9 | 0100 0048 | 8382 3001 

  0x000001c9b1e2af00: ;   {metadata(method data for {method} {0x000000080046fef8} 'executePrivileged' '(Ljava/security/PrivilegedAction;Ljava/security/AccessControlContext;Ljava/lang/Class;)Ljava/lang/Object;' in 'java/security/AccessController')}
  0x000001c9b1e2af00: 0000 0148 | bac0 064a | c6c9 0100 | 008b b2cc | 0000 0083 | c602 89b2 | cc00 0000 | 81e6 feff 
  0x000001c9b1e2af20: 1f00 83fe | 000f 84d6 | 0100 0048 

  0x000001c9b1e2af2c: ;   {metadata(method data for {method} {0x000000080046fef8} 'executePrivileged' '(Ljava/security/PrivilegedAction;Ljava/security/AccessControlContext;Ljava/lang/Class;)Ljava/lang/Object;' in 'java/security/AccessController')}
  0x000001c9b1e2af2c: 83f8 0048 | bac0 064a | c6c9 0100 | 0048 be10 | 0100 0000 | 0000 000f | 840a 0000 | 0048 be20 
  0x000001c9b1e2af4c: 0100 0000 | 0000 0048 | 8b3c 3248 | 8d7f 0148 | 893c 320f | 841f 0000 

  0x000001c9b1e2af64: ;   {metadata(method data for {method} {0x000000080046fef8} 'executePrivileged' '(Ljava/security/PrivilegedAction;Ljava/security/AccessControlContext;Ljava/lang/Class;)Ljava/lang/Object;' in 'java/security/AccessController')}
  0x000001c9b1e2af64: 0048 bac0 | 064a c6c9 | 0100 0048 | 8382 3001 | 0000 0148 | 8bd0 0f1f 

  0x000001c9b1e2af7c: ;   {static_call}
  0x000001c9b1e2af7c: 4400 00e8 

  0x000001c9b1e2af80: ; ImmutableOopMap {[72]=Oop [80]=Oop [88]=Oop }
                      ;*invokestatic ensureMaterializedForStackWalk {reexecute=0 rethrow=0 return_oop=0}
                      ; - java.security.AccessController::executePrivileged@5 (line 774)
                      ; - java.security.AccessController::doPrivileged@13 (line 400)
  0x000001c9b1e2af80: 3c18 7a07 

  0x000001c9b1e2af84: ;   {metadata(method data for {method} {0x000000080046fef8} 'executePrivileged' '(Ljava/security/PrivilegedAction;Ljava/security/AccessControlContext;Ljava/lang/Class;)Ljava/lang/Object;' in 'java/security/AccessController')}
  0x000001c9b1e2af84: 48ba c006 | 4ac6 c901 | 0000 ff82 | 4001 0000 | 488b 5424 | 4848 3b02 

  0x000001c9b1e2af9c: ;   {metadata(method data for {method} {0x000000080046fef8} 'executePrivileged' '(Ljava/security/PrivilegedAction;Ljava/security/AccessControlContext;Ljava/lang/Class;)Ljava/lang/Object;' in 'java/security/AccessController')}
  0x000001c9b1e2af9c: 488b f248 | bfc0 064a | c6c9 0100 | 008b 7608 | 49ba 0000 | 0000 0800 | 0000 4903 | f248 3bb7 
  0x000001c9b1e2afbc: b001 0000 | 750d 4883 | 87b8 0100 | 0001 e960 | 0000 0048 | 3bb7 c001 | 0000 750d | 4883 87c8 
  0x000001c9b1e2afdc: 0100 0001 | e94a 0000 | 0048 83bf | b001 0000 | 0075 1748 | 89b7 b001 | 0000 48c7 | 87b8 0100 
  0x000001c9b1e2affc: 0001 0000 | 00e9 2900 | 0000 4883 | bfc0 0100 | 0000 7517 | 4889 b7c0 | 0100 0048 | c787 c801 
  0x000001c9b1e2b01c: 0000 0100 | 0000 e908 | 0000 0048 | 8387 a001 | 0000 0166 | 0f1f 4400 | 0048 b870 | 480f d1c9 
  0x000001c9b1e2b03c: ;   {virtual_call}
  0x000001c9b1e2b03c: 0100 00e8 

  0x000001c9b1e2b040: ; ImmutableOopMap {[80]=Oop [88]=Oop }
                      ;*invokeinterface run {reexecute=0 rethrow=0 return_oop=0}
                      ; - java.security.AccessController::executePrivileged@29 (line 778)
                      ; - java.security.AccessController::doPrivileged@13 (line 400)
  0x000001c9b1e2b040: cc2d 2507 

  0x000001c9b1e2b044: ;   {metadata(method data for {method} {0x000000080046fef8} 'executePrivileged' '(Ljava/security/PrivilegedAction;Ljava/security/AccessControlContext;Ljava/lang/Class;)Ljava/lang/Object;' in 'java/security/AccessController')}
  0x000001c9b1e2b044: 48be c006 | 4ac6 c901 | 0000 ff86 | d801 0000 | 488b 7424 

  0x000001c9b1e2b058: ;   {metadata(method data for {method} {0x000000080046fef8} 'executePrivileged' '(Ljava/security/PrivilegedAction;Ljava/security/AccessControlContext;Ljava/lang/Class;)Ljava/lang/Object;' in 'java/security/AccessController')}
  0x000001c9b1e2b058: 5048 bfc0 | 064a c6c9 | 0100 0048 | 8387 3802 

  0x000001c9b1e2b068: ;   {metadata(method data for {method} {0x000000080003d7e0} 'reachabilityFence' '(Ljava/lang/Object;)V' in 'java/lang/ref/Reference')}
  0x000001c9b1e2b068: 0000 0148 | bfd0 8c45 | c6c9 0100 | 008b 9fcc | 0000 0083 | c302 899f | cc00 0000 | 81e3 feff 
  0x000001c9b1e2b088: 1f00 83fb | 000f 8494 

  0x000001c9b1e2b090: ;   {metadata(method data for {method} {0x000000080046fef8} 'executePrivileged' '(Ljava/security/PrivilegedAction;Ljava/security/AccessControlContext;Ljava/lang/Class;)Ljava/lang/Object;' in 'java/security/AccessController')}
  0x000001c9b1e2b090: 0000 0048 | bec0 064a | c6c9 0100 | 0048 8386 | 4802 0000 

  0x000001c9b1e2b0a4: ;   {metadata(method data for {method} {0x000000080003d7e0} 'reachabilityFence' '(Ljava/lang/Object;)V' in 'java/lang/ref/Reference')}
  0x000001c9b1e2b0a4: 0148 bed0 | 8c45 c6c9 | 0100 008b | becc 0000 | 0083 c702 | 89be cc00 | 0000 81e7 | feff 1f00 
  0x000001c9b1e2b0c4: 83ff 000f | 847b 0000 | 0048 83c4 

  0x000001c9b1e2b0d0: ;   {poll_return}
  0x000001c9b1e2b0d0: 705d 493b | a778 0300 | 000f 878a | 0000 00c3 

  0x000001c9b1e2b0e0: ;   {metadata({method} {0x000000080046fc70} 'doPrivileged' '(Ljava/security/PrivilegedAction;Ljava/security/AccessControlContext;)Ljava/lang/Object;' in 'java/security/AccessController')}
  0x000001c9b1e2b0e0: 49ba 68fc | 4600 0800 | 0000 4c89 | 5424 0848 | c704 24ff 

  0x000001c9b1e2b0f4: ;   {runtime_call counter_overflow Runtime1 stub}
  0x000001c9b1e2b0f4: ffff ffe8 

  0x000001c9b1e2b0f8: ; ImmutableOopMap {rdx=Oop r8=Oop }
                      ;*synchronization entry
                      ; - java.security.AccessController::doPrivileged@-1 (line 398)
  0x000001c9b1e2b0f8: 04a9 2407 | e9a2 fdff 

  0x000001c9b1e2b100: ;   {metadata({method} {0x000000080046fef8} 'executePrivileged' '(Ljava/security/PrivilegedAction;Ljava/security/AccessControlContext;Ljava/lang/Class;)Ljava/lang/Object;' in 'java/security/AccessController')}
  0x000001c9b1e2b100: ff49 baf0 | fe46 0008 | 0000 004c | 8954 2408 | 48c7 0424 | ffff ffff 

  0x000001c9b1e2b118: ;   {runtime_call counter_overflow Runtime1 stub}
  0x000001c9b1e2b118: e8e3 a824 

  0x000001c9b1e2b11c: ; ImmutableOopMap {rax=Oop [72]=Oop [80]=Oop [88]=Oop }
                      ;*synchronization entry
                      ; - java.security.AccessController::executePrivileged@-1 (line 773)
                      ; - java.security.AccessController::doPrivileged@13 (line 400)
  0x000001c9b1e2b11c: 07e9 09fe 

  0x000001c9b1e2b120: ;   {runtime_call throw_null_pointer_exception Runtime1 stub}
  0x000001c9b1e2b120: ffff e859 

  0x000001c9b1e2b124: ; ImmutableOopMap {rdx=Oop [80]=Oop [88]=Oop }
                      ;*invokeinterface run {reexecute=0 rethrow=0 return_oop=0}
                      ; - java.security.AccessController::executePrivileged@29 (line 778)
                      ; - java.security.AccessController::doPrivileged@13 (line 400)
                      ;   {metadata({method} {0x000000080003d7e0} 'reachabilityFence' '(Ljava/lang/Object;)V' in 'java/lang/ref/Reference')}
  0x000001c9b1e2b124: 1424 0749 | bad8 d703 | 0008 0000 | 004c 8954 | 2408 48c7 | 0424 ffff 

  0x000001c9b1e2b13c: ;   {runtime_call counter_overflow Runtime1 stub}
  0x000001c9b1e2b13c: ffff e8bd 

  0x000001c9b1e2b140: ; ImmutableOopMap {rax=Oop rsi=Oop }
                      ;*synchronization entry
                      ; - java.lang.ref.Reference::reachabilityFence@-1 (line 628)
                      ; - java.security.AccessController::executePrivileged@56 (line 783)
                      ; - java.security.AccessController::doPrivileged@13 (line 400)
  0x000001c9b1e2b140: a824 07e9 | 4bff ffff 

  0x000001c9b1e2b148: ;   {metadata({method} {0x000000080003d7e0} 'reachabilityFence' '(Ljava/lang/Object;)V' in 'java/lang/ref/Reference')}
  0x000001c9b1e2b148: 49ba d8d7 | 0300 0800 | 0000 4c89 | 5424 0848 | c704 24ff 

  0x000001c9b1e2b15c: ;   {runtime_call counter_overflow Runtime1 stub}
  0x000001c9b1e2b15c: ffff ffe8 

  0x000001c9b1e2b160: ; ImmutableOopMap {rax=Oop }
                      ;*synchronization entry
                      ; - java.lang.ref.Reference::reachabilityFence@-1 (line 628)
                      ; - java.security.AccessController::executePrivileged@60 (line 784)
                      ; - java.security.AccessController::doPrivileged@13 (line 400)
  0x000001c9b1e2b160: 9ca8 2407 | e964 ffff 

  0x000001c9b1e2b168: ;   {internal_word}
  0x000001c9b1e2b168: ff49 bad2 | b0e2 b1c9 | 0100 004d | 8997 9003 

  0x000001c9b1e2b178: ;   {runtime_call SafepointBlob}
  0x000001c9b1e2b178: 0000 e981 | 1518 0749 | 8b87 2804 | 0000 49c7 | 8728 0400 | 0000 0000 | 0049 c787 | 3004 0000 
  0x000001c9b1e2b198: 0000 0000 | 4883 c470 

  0x000001c9b1e2b1a0: ;   {runtime_call unwind_exception Runtime1 stub}
  0x000001c9b1e2b1a0: 5de9 5a01 | 2407 f4f4 
[Stub Code]
  0x000001c9b1e2b1a8: ;   {no_reloc}
  0x000001c9b1e2b1a8: 0f1f 4400 

  0x000001c9b1e2b1ac: ;   {static_stub}
  0x000001c9b1e2b1ac: 0048 bb00 | 0000 0000 

  0x000001c9b1e2b1b4: ;   {runtime_call}
  0x000001c9b1e2b1b4: 0000 00e9 | fbff ffff 
[Exception Handler]
  0x000001c9b1e2b1bc: ;   {runtime_call handle_exception_from_callee Runtime1 stub}
  0x000001c9b1e2b1bc: e8bf 4f24 

  0x000001c9b1e2b1c0: ;   {external_word}
  0x000001c9b1e2b1c0: 0748 b9e0 | b9d7 1bfa | 7f00 0048 

  0x000001c9b1e2b1cc: ;   {runtime_call}
  0x000001c9b1e2b1cc: 83e4 f048 | b8a0 859e | 1bfa 7f00 | 00ff d0f4 
[Deopt Handler Code]
  0x000001c9b1e2b1dc: ;   {section_word}
  0x000001c9b1e2b1dc: 49ba dcb1 | e2b1 c901 | 0000 4152 

  0x000001c9b1e2b1e8: ;   {runtime_call DeoptimizationBlob}
  0x000001c9b1e2b1e8: e9b3 2918 

  0x000001c9b1e2b1ec: ;   {static_stub}
  0x000001c9b1e2b1ec: 0748 bb00 | 0000 0000 

  0x000001c9b1e2b1f4: ;   {runtime_call}
  0x000001c9b1e2b1f4: 0000 00e9 | fbff ffff 

  0x000001c9b1e2b1fc: ;   {static_stub}
  0x000001c9b1e2b1fc: 48bb 0000 | 0000 0000 

  0x000001c9b1e2b204: ;   {runtime_call}
  0x000001c9b1e2b204: 0000 e9fb 

  0x000001c9b1e2b208: ;   {static_stub}
  0x000001c9b1e2b208: ffff ff48 | bb00 0000 | 0000 0000 

  0x000001c9b1e2b214: ;   {runtime_call}
  0x000001c9b1e2b214: 00e9 fbff | ffff f4f4 | f4f4 f4f4 
[/MachCode]


Compiled method (c1)   16257 2925   !   3       com.sun.glass.ui.InvokeLaterDispatcher$Future::run (91 bytes)
 total in heap  [0x000001c9b1f45e90,0x000001c9b1f46800] = 2416
 relocation     [0x000001c9b1f45fd8,0x000001c9b1f46050] = 120
 main code      [0x000001c9b1f46060,0x000001c9b1f464b8] = 1112
 stub code      [0x000001c9b1f464b8,0x000001c9b1f46510] = 88
 oops           [0x000001c9b1f46510,0x000001c9b1f46518] = 8
 metadata       [0x000001c9b1f46518,0x000001c9b1f46520] = 8
 scopes data    [0x000001c9b1f46520,0x000001c9b1f465d8] = 184
 scopes pcs     [0x000001c9b1f465d8,0x000001c9b1f466e8] = 272
 dependencies   [0x000001c9b1f466e8,0x000001c9b1f466f0] = 8
 handler table  [0x000001c9b1f466f0,0x000001c9b1f467b0] = 192
 nul chk table  [0x000001c9b1f467b0,0x000001c9b1f46800] = 80

[Constant Pool (empty)]

[MachCode]
[Entry Point]
  # {method} {0x000001c9c69abf50} 'run' '()V' in 'com/sun/glass/ui/InvokeLaterDispatcher$Future'
  #           [sp+0x70]  (sp of caller)
  0x000001c9b1f46060: 448b 5208 | 49bb 0000 | 0000 0800 | 0000 4d03 | d34c 3bd0 

  0x000001c9b1f46074: ;   {runtime_call ic_miss_stub}
  0x000001c9b1f46074: 0f85 86e4 | 0507 660f | 1f44 0000 
[Verified Entry Point]
  0x000001c9b1f46080: 8984 2400 | 80ff ff55 | 4883 ec60 | 4181 7f20 | 0100 0000 

  0x000001c9b1f46094: ;   {runtime_call StubRoutines (2)}
  0x000001c9b1f46094: 7405 e8a5 

  0x000001c9b1f46098: ;   {metadata(method data for {method} {0x000001c9c69abf50} 'run' '()V' in 'com/sun/glass/ui/InvokeLaterDispatcher$Future')}
  0x000001c9b1f46098: 8204 0748 | be88 562e | c7c9 0100 | 008b becc | 0000 0083 | c702 89be | cc00 0000 | 81e7 fe07 
  0x000001c9b1f460b8: 0000 83ff | 000f 84ec | 0200 008b | 7210 483b | 0648 8bfe 

  0x000001c9b1f460cc: ;   {metadata(method data for {method} {0x000001c9c69abf50} 'run' '()V' in 'com/sun/glass/ui/InvokeLaterDispatcher$Future')}
  0x000001c9b1f460cc: 48bb 8856 | 2ec7 c901 | 0000 8b7f | 0849 ba00 | 0000 0008 | 0000 0049 | 03fa 483b | bb20 0100 
  0x000001c9b1f460ec: 0075 0d48 | 8383 2801 | 0000 01e9 | 6000 0000 | 483b bb30 | 0100 0075 | 0d48 8383 | 3801 0000 
  0x000001c9b1f4610c: 01e9 4a00 | 0000 4883 | bb20 0100 | 0000 7517 | 4889 bb20 | 0100 0048 | c783 2801 | 0000 0100 
  0x000001c9b1f4612c: 0000 e929 | 0000 0048 | 83bb 3001 | 0000 0075 | 1748 89bb | 3001 0000 | 48c7 8338 | 0100 0001 
  0x000001c9b1f4614c: 0000 00e9 | 0800 0000 | 4883 8310 | 0100 0001 | 4889 5424 | 2048 8bd6 | 9048 b820 | 590f d1c9 
  0x000001c9b1f4616c: ;   {virtual_call}
  0x000001c9b1f4616c: 0100 00e8 

  0x000001c9b1f46170: ; ImmutableOopMap {[32]=Oop }
                      ;*invokeinterface run {reexecute=0 rethrow=0 return_oop=0}
                      ; - com.sun.glass.ui.InvokeLaterDispatcher$Future::run@4 (line 96)
  0x000001c9b1f46170: 9c7c 1307 | 488b 5424 | 208b 4214 

  0x000001c9b1f4617c: ; implicit exception: dispatches to 0x000001c9b1f463d5
  0x000001c9b1f4617c: 8b70 7848 | 8d7c 2440 | 4889 7708 

  0x000001c9b1f46188: ; implicit exception: dispatches to 0x000001c9b1f463da
  0x000001c9b1f46188: 488b 0648 | 83c8 0148 | 8907 f048 | 0fb1 3e0f | 8412 0000 | 0048 2bc4 | 4825 07f0 | ffff 4889 
  0x000001c9b1f461a8: 070f 8530 | 0200 0049 | ff87 7804 | 0000 4889 | 7424 28c6 | 420c 018b | 5214 8b52 | 7848 3b02 
  0x000001c9b1f461c8: ;   {metadata(method data for {method} {0x000001c9c69abf50} 'run' '()V' in 'com/sun/glass/ui/InvokeLaterDispatcher$Future')}
  0x000001c9b1f461c8: 488b fa48 | bb88 562e | c7c9 0100 | 0048 8383 | 4801 0000 

  0x000001c9b1f461dc: ;   {optimized virtual_call}
  0x000001c9b1f461dc: 0166 90e8 

  0x000001c9b1f461e0: ; ImmutableOopMap {[40]=Oop [72]=Oop }
                      ;*invokevirtual notifyAll {reexecute=0 rethrow=0 return_oop=0}
                      ; - com.sun.glass.ui.InvokeLaterDispatcher$Future::run@31 (line 100)
  0x000001c9b1f461e0: dca9 6407 | 488d 4424 | 4048 8b10 | 4885 d20f | 840f 0000 | 0048 8b70 | 08f0 480f | b116 0f85 
  0x000001c9b1f46200: f801 0000 | 49ff 8f78 

  0x000001c9b1f46208: ;   {metadata(method data for {method} {0x000001c9c69abf50} 'run' '()V' in 'com/sun/glass/ui/InvokeLaterDispatcher$Future')}
  0x000001c9b1f46208: 0400 0048 | b888 562e | c7c9 0100 | 00ff 8080 | 0100 00e9 | b800 0000 | 498b 8728 | 0400 004d 
  0x000001c9b1f46228: 33d2 4d89 | 9728 0400 | 004d 33d2 | 4d89 9730 | 0400 008b | 7214 8b76 | 7848 8d7c | 2440 4889 
  0x000001c9b1f46248: 4424 3048 | 8977 0848 | 8b06 4883 | c801 4889 | 07f0 480f | b13e 0f84 | 1200 0000 | 482b c448 
  0x000001c9b1f46268: 2507 f0ff | ff48 8907 | 0f85 a301 | 0000 49ff | 8778 0400 | 0048 8974 | 2438 c642 | 0c01 8b52 
  0x000001c9b1f46288: 148b 5278 

  0x000001c9b1f4628c: ; implicit exception: dispatches to 0x000001c9b1f46431
  0x000001c9b1f4628c: 483b 0248 

  0x000001c9b1f46290: ;   {metadata(method data for {method} {0x000001c9c69abf50} 'run' '()V' in 'com/sun/glass/ui/InvokeLaterDispatcher$Future')}
  0x000001c9b1f46290: 8bfa 48bb | 8856 2ec7 | c901 0000 | 4883 83b0 | 0100 0001 

  0x000001c9b1f462a4: ;   {optimized virtual_call}
  0x000001c9b1f462a4: 6666 90e8 

  0x000001c9b1f462a8: ; ImmutableOopMap {[48]=Oop [56]=Oop [72]=Oop }
                      ;*invokevirtual notifyAll {reexecute=0 rethrow=0 return_oop=0}
                      ; - com.sun.glass.ui.InvokeLaterDispatcher$Future::run@71 (line 100)
  0x000001c9b1f462a8: 54e7 0507 | 488d 4424 | 4048 8b30 | 4885 f60f | 840f 0000 | 0048 8b78 | 08f0 480f | b137 0f85 
  0x000001c9b1f462c8: 6a01 0000 | 49ff 8f78 | 0400 00e9 | 2300 0000 

  0x000001c9b1f462d8: ;   {metadata(method data for {method} {0x000001c9c69abf50} 'run' '()V' in 'com/sun/glass/ui/InvokeLaterDispatcher$Future')}
  0x000001c9b1f462d8: 48b8 8856 | 2ec7 c901 | 0000 ff80 | 9801 0000 | 4883 c460 

  0x000001c9b1f462ec: ;   {poll_return}
  0x000001c9b1f462ec: 5d49 3ba7 | 7803 0000 | 0f87 4f01 

  0x000001c9b1f462f8: ;   {metadata(method data for {method} {0x000001c9c69abf50} 'run' '()V' in 'com/sun/glass/ui/InvokeLaterDispatcher$Future')}
  0x000001c9b1f462f8: 0000 c348 | b888 562e | c7c9 0100 | 00ff 80e8 | 0100 0048 | 8b44 2430 | e997 0100 | 0049 8b87 
  0x000001c9b1f46318: 2804 0000 | 4d33 d24d | 8997 2804 | 0000 4d33 | d24d 8997 | 3004 0000 | 488b f048 | 8d44 2440 
  0x000001c9b1f46338: 488b 3848 | 85ff 0f84 | 0f00 0000 | 488b 5808 | f048 0fb1 | 3b0f 850c | 0100 0049 | ff8f 7804 
  0x000001c9b1f46358: 0000 488b | c6e9 4a01 | 0000 498b | 8728 0400 | 004d 33d2 | 4d89 9728 | 0400 004d | 33d2 4d89 
  0x000001c9b1f46378: 9730 0400 | 0048 8bf0 | 488d 4424 | 4048 8b38 | 4885 ff0f | 840f 0000 | 0048 8b58 | 08f0 480f 
  0x000001c9b1f46398: b13b 0f85 | d200 0000 | 49ff 8f78 | 0400 0048 | 8bc6 e9fd 

  0x000001c9b1f463ac: ;   {metadata({method} {0x000001c9c69abf50} 'run' '()V' in 'com/sun/glass/ui/InvokeLaterDispatcher$Future')}
  0x000001c9b1f463ac: 0000 0049 | ba48 bf9a | c6c9 0100 | 004c 8954 | 2408 48c7 | 0424 ffff 

  0x000001c9b1f463c4: ;   {runtime_call counter_overflow Runtime1 stub}
  0x000001c9b1f463c4: ffff e835 

  0x000001c9b1f463c8: ; ImmutableOopMap {rdx=Oop }
                      ;*synchronization entry
                      ; - com.sun.glass.ui.InvokeLaterDispatcher$Future::run@-1 (line 96)
  0x000001c9b1f463c8: f612 07e9 | f3fc ffff 

  0x000001c9b1f463d0: ;   {runtime_call throw_null_pointer_exception Runtime1 stub}
  0x000001c9b1f463d0: e8ab 6112 

  0x000001c9b1f463d4: ; ImmutableOopMap {rdx=Oop rsi=Oop }
                      ;*invokeinterface run {reexecute=0 rethrow=0 return_oop=0}
                      ; - com.sun.glass.ui.InvokeLaterDispatcher$Future::run@4 (line 96)
                      ;   {runtime_call throw_null_pointer_exception Runtime1 stub}
  0x000001c9b1f463d4: 07e8 a661 

  0x000001c9b1f463d8: ; ImmutableOopMap {rdx=Oop }
                      ;*getfield LOCK {reexecute=1 rethrow=0 return_oop=0}
                      ; - (reexecute) com.sun.glass.ui.InvokeLaterDispatcher$Future::run@13 (line 98)
                      ;   {runtime_call throw_null_pointer_exception Runtime1 stub}
  0x000001c9b1f463d8: 1207 e8a1 

  0x000001c9b1f463dc: ; ImmutableOopMap {rdx=Oop rsi=Oop }
                      ;*monitorenter {reexecute=0 rethrow=0 return_oop=0}
                      ; - com.sun.glass.ui.InvokeLaterDispatcher$Future::run@18 (line 98)
  0x000001c9b1f463dc: 6112 0748 | 8974 2408 | 4889 3c24 

  0x000001c9b1f463e8: ;   {runtime_call monitorenter_nofpu Runtime1 stub}
  0x000001c9b1f463e8: e813 c112 

  0x000001c9b1f463ec: ; ImmutableOopMap {rdx=Oop rsi=Oop [72]=Oop }
                      ;*monitorenter {reexecute=0 rethrow=0 return_oop=0}
                      ; - com.sun.glass.ui.InvokeLaterDispatcher$Future::run@18 (line 98)
  0x000001c9b1f463ec: 07e9 c4fd 

  0x000001c9b1f463f0: ;   {runtime_call throw_null_pointer_exception Runtime1 stub}
  0x000001c9b1f463f0: ffff e889 

  0x000001c9b1f463f4: ; ImmutableOopMap {[40]=Oop [72]=Oop }
                      ;*getfield LOCK {reexecute=1 rethrow=0 return_oop=0}
                      ; - (reexecute) com.sun.glass.ui.InvokeLaterDispatcher$Future::run@28 (line 100)
                      ;   {runtime_call throw_null_pointer_exception Runtime1 stub}
  0x000001c9b1f463f4: 6112 07e8 

  0x000001c9b1f463f8: ; ImmutableOopMap {rdx=Oop [40]=Oop [72]=Oop }
                      ;*invokevirtual notifyAll {reexecute=0 rethrow=0 return_oop=0}
                      ; - com.sun.glass.ui.InvokeLaterDispatcher$Future::run@31 (line 100)
  0x000001c9b1f463f8: 8461 1207 | 488d 4424 | 4048 8904 

  0x000001c9b1f46404: ;   {runtime_call monitorexit_nofpu Runtime1 stub}
  0x000001c9b1f46404: 24e8 f6cc | 1207 e9fc 

  0x000001c9b1f4640c: ;   {runtime_call throw_null_pointer_exception Runtime1 stub}
  0x000001c9b1f4640c: fdff ffe8 

  0x000001c9b1f46410: ; ImmutableOopMap {rdx=Oop rax=Oop }
                      ;*getfield LOCK {reexecute=1 rethrow=0 return_oop=0}
                      ; - (reexecute) com.sun.glass.ui.InvokeLaterDispatcher$Future::run@52 (line 98)
  0x000001c9b1f46410: 6c61 1207 

  0x000001c9b1f46414: ;   {runtime_call throw_null_pointer_exception Runtime1 stub}
  0x000001c9b1f46414: e867 6112 

  0x000001c9b1f46418: ; ImmutableOopMap {rdx=Oop rsi=Oop [48]=Oop }
                      ;*monitorenter {reexecute=0 rethrow=0 return_oop=0}
                      ; - com.sun.glass.ui.InvokeLaterDispatcher$Future::run@58 (line 98)
  0x000001c9b1f46418: 0748 8974 | 2408 4889 

  0x000001c9b1f46420: ;   {runtime_call monitorenter_nofpu Runtime1 stub}
  0x000001c9b1f46420: 3c24 e8d9 

  0x000001c9b1f46424: ; ImmutableOopMap {rdx=Oop rsi=Oop [48]=Oop [72]=Oop }
                      ;*monitorenter {reexecute=0 rethrow=0 return_oop=0}
                      ; - com.sun.glass.ui.InvokeLaterDispatcher$Future::run@58 (line 98)
  0x000001c9b1f46424: c012 07e9 | 51fe ffff 

  0x000001c9b1f4642c: ;   {runtime_call throw_null_pointer_exception Runtime1 stub}
  0x000001c9b1f4642c: e84f 6112 

  0x000001c9b1f46430: ; ImmutableOopMap {[48]=Oop [56]=Oop [72]=Oop }
                      ;*getfield LOCK {reexecute=1 rethrow=0 return_oop=0}
                      ; - (reexecute) com.sun.glass.ui.InvokeLaterDispatcher$Future::run@68 (line 100)
                      ;   {runtime_call throw_null_pointer_exception Runtime1 stub}
  0x000001c9b1f46430: 07e8 4a61 

  0x000001c9b1f46434: ; ImmutableOopMap {rdx=Oop [48]=Oop [56]=Oop [72]=Oop }
                      ;*invokevirtual notifyAll {reexecute=0 rethrow=0 return_oop=0}
                      ; - com.sun.glass.ui.InvokeLaterDispatcher$Future::run@71 (line 100)
  0x000001c9b1f46434: 1207 488d | 4424 4048 

  0x000001c9b1f4643c: ;   {runtime_call monitorexit_nofpu Runtime1 stub}
  0x000001c9b1f4643c: 8904 24e8 | bccc 1207 | e98a feff 

  0x000001c9b1f46448: ;   {internal_word}
  0x000001c9b1f46448: ff49 baed | 62f4 b1c9 | 0100 004d | 8997 9003 

  0x000001c9b1f46458: ;   {runtime_call SafepointBlob}
  0x000001c9b1f46458: 0000 e9a1 | 6206 0748 | 8d44 2440 | 4889 0424 

  0x000001c9b1f46468: ;   {runtime_call monitorexit_nofpu Runtime1 stub}
  0x000001c9b1f46468: e893 cc12 | 07e9 e8fe | ffff 488d | 4424 4048 

  0x000001c9b1f46478: ;   {runtime_call monitorexit_nofpu Runtime1 stub}
  0x000001c9b1f46478: 8904 24e8 | 80cc 1207 | e922 ffff | ff48 8b54 | 2420 e991 | fdff ff49 | 8b87 2804 | 0000 49c7 
  0x000001c9b1f46498: 8728 0400 | 0000 0000 | 0049 c787 | 3004 0000 | 0000 0000 | 4883 c460 

  0x000001c9b1f464b0: ;   {runtime_call unwind_exception Runtime1 stub}
  0x000001c9b1f464b0: 5de9 4a4e | 1207 f4f4 
[Stub Code]
  0x000001c9b1f464b8: ;   {no_reloc}
  0x000001c9b1f464b8: 0f1f 4400 

  0x000001c9b1f464bc: ;   {static_stub}
  0x000001c9b1f464bc: 0048 bb00 | 0000 0000 

  0x000001c9b1f464c4: ;   {runtime_call}
  0x000001c9b1f464c4: 0000 00e9 | fbff ffff 
[Exception Handler]
  0x000001c9b1f464cc: ;   {runtime_call handle_exception_from_callee Runtime1 stub}
  0x000001c9b1f464cc: e8af 9c12 

  0x000001c9b1f464d0: ;   {external_word}
  0x000001c9b1f464d0: 0748 b9e0 | b9d7 1bfa | 7f00 0048 

  0x000001c9b1f464dc: ;   {runtime_call}
  0x000001c9b1f464dc: 83e4 f048 | b8a0 859e | 1bfa 7f00 | 00ff d0f4 
[Deopt Handler Code]
  0x000001c9b1f464ec: ;   {section_word}
  0x000001c9b1f464ec: 49ba ec64 | f4b1 c901 | 0000 4152 

  0x000001c9b1f464f8: ;   {runtime_call DeoptimizationBlob}
  0x000001c9b1f464f8: e9a3 7606 

  0x000001c9b1f464fc: ;   {static_stub}
  0x000001c9b1f464fc: 0748 bb00 | 0000 0000 

  0x000001c9b1f46504: ;   {runtime_call}
  0x000001c9b1f46504: 0000 00e9 | fbff ffff | f4f4 f4f4 
[/MachCode]


---------------  P R O C E S S  ---------------

Threads class SMR info:
_java_thread_list=0x000001c9d038ff60, length=19, elements={
0x000001c9a96dc740, 0x000001c9c5f635f0, 0x000001c9c5f64030, 0x000001c9c5f69600,
0x000001c9c5f6e060, 0x000001c9c5f6e9a0, 0x000001c9c5f6f2e0, 0x000001c9c5f70080,
0x000001c9c5f858b0, 0x000001c9ca4d7900, 0x000001c9ca7de040, 0x000001c9ca78a2f0,
0x000001c9cab8b1f0, 0x000001c9cae1be00, 0x000001c9cae1eb40, 0x000001c9cfc256a0,
0x000001c9cfc25bf0, 0x000001c9d0286040, 0x000001c9d0284b00
}

Java Threads: ( => current thread )
  0x000001c9a96dc740 JavaThread "main" [_thread_blocked, id=15428, stack(0x0000004909400000,0x0000004909500000)]
  0x000001c9c5f635f0 JavaThread "Reference Handler" daemon [_thread_blocked, id=3020, stack(0x0000004909b00000,0x0000004909c00000)]
  0x000001c9c5f64030 JavaThread "Finalizer" daemon [_thread_blocked, id=8600, stack(0x0000004909c00000,0x0000004909d00000)]
  0x000001c9c5f69600 JavaThread "Signal Dispatcher" daemon [_thread_blocked, id=23212, stack(0x0000004909d00000,0x0000004909e00000)]
  0x000001c9c5f6e060 JavaThread "Attach Listener" daemon [_thread_blocked, id=20312, stack(0x0000004909e00000,0x0000004909f00000)]
  0x000001c9c5f6e9a0 JavaThread "Service Thread" daemon [_thread_blocked, id=21892, stack(0x0000004909f00000,0x000000490a000000)]
  0x000001c9c5f6f2e0 JavaThread "Monitor Deflation Thread" daemon [_thread_blocked, id=6628, stack(0x000000490a000000,0x000000490a100000)]
  0x000001c9c5f70080 JavaThread "C2 CompilerThread0" daemon [_thread_blocked, id=9764, stack(0x000000490a100000,0x000000490a200000)]
  0x000001c9c5f858b0 JavaThread "C1 CompilerThread0" daemon [_thread_blocked, id=5904, stack(0x000000490a200000,0x000000490a300000)]
  0x000001c9ca4d7900 JavaThread "Common-Cleaner" daemon [_thread_blocked, id=4168, stack(0x000000490a300000,0x000000490a400000)]
  0x000001c9ca7de040 JavaThread "Monitor Ctrl-Break" daemon [_thread_in_native, id=12848, stack(0x000000490a600000,0x000000490a700000)]
  0x000001c9ca78a2f0 JavaThread "Notification Thread" daemon [_thread_blocked, id=12524, stack(0x000000490a700000,0x000000490a800000)]
  0x000001c9cab8b1f0 JavaThread "QuantumRenderer-0" daemon [_thread_blocked, id=11908, stack(0x000000490a900000,0x000000490aa00000)]
  0x000001c9cae1be00 JavaThread "InvokeLaterDispatcher" daemon [_thread_blocked, id=22912, stack(0x000000490aa00000,0x000000490ab00000)]
=>0x000001c9cae1eb40 JavaThread "JavaFX Application Thread" [_thread_in_native, id=18472, stack(0x000000490ab00000,0x000000490ac00000)]
  0x000001c9cfc256a0 JavaThread "JavaFX-Launcher" [_thread_blocked, id=11800, stack(0x000000490a500000,0x000000490a600000)]
  0x000001c9cfc25bf0 JavaThread "Thread-2" daemon [_thread_in_native, id=3540, stack(0x000000490af00000,0x000000490b000000)]
  0x000001c9d0286040 JavaThread "Prism Font Disposer" daemon [_thread_blocked, id=9732, stack(0x000000490b900000,0x000000490ba00000)]
  0x000001c9d0284b00 JavaThread "Cleaner-0" daemon [_thread_blocked, id=16716, stack(0x000000490bc00000,0x000000490bd00000)]

Other Threads:
  0x000001c9c5f48b10 VMThread "VM Thread" [stack: 0x0000004909a00000,0x0000004909b00000] [id=4536]
  0x000001c9ca747cd0 WatcherThread "VM Periodic Task Thread" [stack: 0x000000490a800000,0x000000490a900000] [id=21836]
  0x000001c9a973b940 WorkerThread "GC Thread#0" [stack: 0x0000004909500000,0x0000004909600000] [id=17796]
  0x000001c9cff4bcf0 WorkerThread "GC Thread#1" [stack: 0x000000490b000000,0x000000490b100000] [id=12256]
  0x000001c9cfc0b280 WorkerThread "GC Thread#2" [stack: 0x000000490b100000,0x000000490b200000] [id=21672]
  0x000001c9cfd7f320 WorkerThread "GC Thread#3" [stack: 0x000000490b200000,0x000000490b300000] [id=7180]
  0x000001c9cfd7df70 WorkerThread "GC Thread#4" [stack: 0x000000490b300000,0x000000490b400000] [id=15900]
  0x000001c9cfd7e7e0 WorkerThread "GC Thread#5" [stack: 0x000000490b400000,0x000000490b500000] [id=17568]
  0x000001c9cfd7f050 WorkerThread "GC Thread#6" [stack: 0x000000490ba00000,0x000000490bb00000] [id=17772]
  0x000001c9cfd7f5f0 WorkerThread "GC Thread#7" [stack: 0x000000490bb00000,0x000000490bc00000] [id=12504]
  0x000001c9a974d0b0 ConcurrentGCThread "G1 Main Marker" [stack: 0x0000004909600000,0x0000004909700000] [id=14908]
  0x000001c9a974dcf0 WorkerThread "G1 Conc#0" [stack: 0x0000004909700000,0x0000004909800000] [id=23508]
  0x000001c9a979d1b0 ConcurrentGCThread "G1 Refine#0" [stack: 0x0000004909800000,0x0000004909900000] [id=22144]
  0x000001c9a979db60 ConcurrentGCThread "G1 Service" [stack: 0x0000004909900000,0x0000004909a00000] [id=21568]

Threads with active compile tasks:

VM state: not at safepoint (normal execution)

VM Mutex/Monitor currently owned by a thread: None

Heap address: 0x0000000083600000, size: 1994 MB, Compressed Oops mode: 32-bit

CDS archive(s) mapped at: [0x0000000800000000-0x0000000800c60000-0x0000000800c60000), size 12976128, SharedBaseAddress: 0x0000000800000000, ArchiveRelocationMode: 0.
Compressed class space mapped at: 0x0000000801000000-0x0000000841000000, reserved size: 1073741824
Narrow klass base: 0x0000000800000000, Narrow klass shift: 0, Narrow klass range: 0x100000000

GC Precious Log:
 CardTable entry size: 512
 Card Set container configuration: InlinePtr #cards 5 size 8 Array Of Cards #cards 12 size 40 Howl #buckets 4 coarsen threshold 1843 Howl Bitmap #cards 512 size 80 coarsen threshold 460 Card regions per heap region 1 cards per card region 2048
 CPUs: 8 total, 8 available
 Memory: 7975M
 Large Page Support: Disabled
 NUMA Support: Disabled
 Compressed Oops: Enabled (32-bit)
 Heap Region Size: 1M
 Heap Min Capacity: 8M
 Heap Initial Capacity: 126M
 Heap Max Capacity: 1994M
 Pre-touch: Disabled
 Parallel Workers: 8
 Concurrent Workers: 2
 Concurrent Refinement Workers: 8
 Periodic GC: Disabled

Heap:
 garbage-first heap   total 129024K, used 48534K [0x0000000083600000, 0x0000000100000000)
  region size 1024K, 17 young (17408K), 5 survivors (5120K)
 Metaspace       used 17507K, committed 17792K, reserved 1114112K
  class space    used 2495K, committed 2624K, reserved 1048576K

Heap Regions: E=young(eden), S=young(survivor), O=old, HS=humongous(starts), HC=humongous(continues), CS=collection set, F=free, OA=open archive, CA=closed archive, TAMS=top-at-mark-start, PB=parsable bottom
|   0|0x0000000083600000, 0x0000000083700000, 0x0000000083700000|100%|HS|  |TAMS 0x0000000083600000| PB 0x0000000083600000| Complete 
|   1|0x0000000083700000, 0x0000000083800000, 0x0000000083800000|100%|HC|  |TAMS 0x0000000083700000| PB 0x0000000083700000| Complete 
|   2|0x0000000083800000, 0x0000000083900000, 0x0000000083900000|100%|HC|  |TAMS 0x0000000083800000| PB 0x0000000083800000| Complete 
|   3|0x0000000083900000, 0x0000000083a00000, 0x0000000083a00000|100%|HC|  |TAMS 0x0000000083900000| PB 0x0000000083900000| Complete 
|   4|0x0000000083a00000, 0x0000000083b00000, 0x0000000083b00000|100%|HC|  |TAMS 0x0000000083a00000| PB 0x0000000083a00000| Complete 
|   5|0x0000000083b00000, 0x0000000083c00000, 0x0000000083c00000|100%|HC|  |TAMS 0x0000000083b00000| PB 0x0000000083b00000| Complete 
|   6|0x0000000083c00000, 0x0000000083d00000, 0x0000000083d00000|100%|HC|  |TAMS 0x0000000083c00000| PB 0x0000000083c00000| Complete 
|   7|0x0000000083d00000, 0x0000000083e00000, 0x0000000083e00000|100%|HC|  |TAMS 0x0000000083d00000| PB 0x0000000083d00000| Complete 
|   8|0x0000000083e00000, 0x0000000083f00000, 0x0000000083f00000|100%|HC|  |TAMS 0x0000000083e00000| PB 0x0000000083e00000| Complete 
|   9|0x0000000083f00000, 0x0000000084000000, 0x0000000084000000|100%|HC|  |TAMS 0x0000000083f00000| PB 0x0000000083f00000| Complete 
|  10|0x0000000084000000, 0x0000000084100000, 0x0000000084100000|100%|HC|  |TAMS 0x0000000084000000| PB 0x0000000084000000| Complete 
|  11|0x0000000084100000, 0x0000000084200000, 0x0000000084200000|100%|HC|  |TAMS 0x0000000084100000| PB 0x0000000084100000| Complete 
|  12|0x0000000084200000, 0x0000000084300000, 0x0000000084300000|100%|HC|  |TAMS 0x0000000084200000| PB 0x0000000084200000| Complete 
|  13|0x0000000084300000, 0x0000000084400000, 0x0000000084400000|100%|HC|  |TAMS 0x0000000084300000| PB 0x0000000084300000| Complete 
|  14|0x0000000084400000, 0x0000000084500000, 0x0000000084500000|100%|HC|  |TAMS 0x0000000084400000| PB 0x0000000084400000| Complete 
|  15|0x0000000084500000, 0x0000000084600000, 0x0000000084600000|100%|HC|  |TAMS 0x0000000084500000| PB 0x0000000084500000| Complete 
|  16|0x0000000084600000, 0x0000000084700000, 0x0000000084700000|100%|HC|  |TAMS 0x0000000084600000| PB 0x0000000084600000| Complete 
|  17|0x0000000084700000, 0x0000000084800000, 0x0000000084800000|100%|HC|  |TAMS 0x0000000084700000| PB 0x0000000084700000| Complete 
|  18|0x0000000084800000, 0x0000000084900000, 0x0000000084900000|100%|HC|  |TAMS 0x0000000084800000| PB 0x0000000084800000| Complete 
|  19|0x0000000084900000, 0x0000000084a00000, 0x0000000084a00000|100%|HC|  |TAMS 0x0000000084900000| PB 0x0000000084900000| Complete 
|  20|0x0000000084a00000, 0x0000000084b00000, 0x0000000084b00000|100%|HC|  |TAMS 0x0000000084a00000| PB 0x0000000084a00000| Complete 
|  21|0x0000000084b00000, 0x0000000084c00000, 0x0000000084c00000|100%|HC|  |TAMS 0x0000000084b00000| PB 0x0000000084b00000| Complete 
|  22|0x0000000084c00000, 0x0000000084d00000, 0x0000000084d00000|100%|HC|  |TAMS 0x0000000084c00000| PB 0x0000000084c00000| Complete 
|  23|0x0000000084d00000, 0x0000000084e00000, 0x0000000084e00000|100%|HC|  |TAMS 0x0000000084d00000| PB 0x0000000084d00000| Complete 
|  24|0x0000000084e00000, 0x0000000084f00000, 0x0000000084f00000|100%|HC|  |TAMS 0x0000000084e00000| PB 0x0000000084e00000| Complete 
|  25|0x0000000084f00000, 0x0000000085000000, 0x0000000085000000|100%|HC|  |TAMS 0x0000000084f00000| PB 0x0000000084f00000| Complete 
|  26|0x0000000085000000, 0x0000000085100000, 0x0000000085100000|100%|HC|  |TAMS 0x0000000085000000| PB 0x0000000085000000| Complete 
|  27|0x0000000085100000, 0x0000000085200000, 0x0000000085200000|100%| O|  |TAMS 0x0000000085100000| PB 0x0000000085100000| Untracked 
|  28|0x0000000085200000, 0x0000000085300000, 0x0000000085300000|100%| O|  |TAMS 0x0000000085200000| PB 0x0000000085200000| Untracked 
|  29|0x0000000085300000, 0x0000000085400000, 0x0000000085400000|100%| O|  |TAMS 0x0000000085300000| PB 0x0000000085300000| Untracked 
|  30|0x0000000085400000, 0x0000000085448a00, 0x0000000085500000| 28%| O|  |TAMS 0x0000000085400000| PB 0x0000000085400000| Untracked 
|  31|0x0000000085500000, 0x0000000085600000, 0x0000000085600000|100%|HS|  |TAMS 0x0000000085500000| PB 0x0000000085500000| Complete 
|  32|0x0000000085600000, 0x0000000085700000, 0x0000000085700000|100%|HC|  |TAMS 0x0000000085600000| PB 0x0000000085600000| Complete 
|  33|0x0000000085700000, 0x0000000085700000, 0x0000000085800000|  0%| F|  |TAMS 0x0000000085700000| PB 0x0000000085700000| Untracked 
|  34|0x0000000085800000, 0x0000000085800000, 0x0000000085900000|  0%| F|  |TAMS 0x0000000085800000| PB 0x0000000085800000| Untracked 
|  35|0x0000000085900000, 0x0000000085900000, 0x0000000085a00000|  0%| F|  |TAMS 0x0000000085900000| PB 0x0000000085900000| Untracked 
|  36|0x0000000085a00000, 0x0000000085a00000, 0x0000000085b00000|  0%| F|  |TAMS 0x0000000085a00000| PB 0x0000000085a00000| Untracked 
|  37|0x0000000085b00000, 0x0000000085b00000, 0x0000000085c00000|  0%| F|  |TAMS 0x0000000085b00000| PB 0x0000000085b00000| Untracked 
|  38|0x0000000085c00000, 0x0000000085c00000, 0x0000000085d00000|  0%| F|  |TAMS 0x0000000085c00000| PB 0x0000000085c00000| Untracked 
|  39|0x0000000085d00000, 0x0000000085d00000, 0x0000000085e00000|  0%| F|  |TAMS 0x0000000085d00000| PB 0x0000000085d00000| Untracked 
|  40|0x0000000085e00000, 0x0000000085e00000, 0x0000000085f00000|  0%| F|  |TAMS 0x0000000085e00000| PB 0x0000000085e00000| Untracked 
|  41|0x0000000085f00000, 0x0000000085f00000, 0x0000000086000000|  0%| F|  |TAMS 0x0000000085f00000| PB 0x0000000085f00000| Untracked 
|  42|0x0000000086000000, 0x0000000086000000, 0x0000000086100000|  0%| F|  |TAMS 0x0000000086000000| PB 0x0000000086000000| Untracked 
|  43|0x0000000086100000, 0x0000000086100000, 0x0000000086200000|  0%| F|  |TAMS 0x0000000086100000| PB 0x0000000086100000| Untracked 
|  44|0x0000000086200000, 0x0000000086200000, 0x0000000086300000|  0%| F|  |TAMS 0x0000000086200000| PB 0x0000000086200000| Untracked 
|  45|0x0000000086300000, 0x0000000086300000, 0x0000000086400000|  0%| F|  |TAMS 0x0000000086300000| PB 0x0000000086300000| Untracked 
|  46|0x0000000086400000, 0x0000000086400000, 0x0000000086500000|  0%| F|  |TAMS 0x0000000086400000| PB 0x0000000086400000| Untracked 
|  47|0x0000000086500000, 0x0000000086500000, 0x0000000086600000|  0%| F|  |TAMS 0x0000000086500000| PB 0x0000000086500000| Untracked 
|  48|0x0000000086600000, 0x0000000086600000, 0x0000000086700000|  0%| F|  |TAMS 0x0000000086600000| PB 0x0000000086600000| Untracked 
|  49|0x0000000086700000, 0x0000000086700000, 0x0000000086800000|  0%| F|  |TAMS 0x0000000086700000| PB 0x0000000086700000| Untracked 
|  50|0x0000000086800000, 0x0000000086800000, 0x0000000086900000|  0%| F|  |TAMS 0x0000000086800000| PB 0x0000000086800000| Untracked 
|  51|0x0000000086900000, 0x0000000086900000, 0x0000000086a00000|  0%| F|  |TAMS 0x0000000086900000| PB 0x0000000086900000| Untracked 
|  52|0x0000000086a00000, 0x0000000086a00000, 0x0000000086b00000|  0%| F|  |TAMS 0x0000000086a00000| PB 0x0000000086a00000| Untracked 
|  53|0x0000000086b00000, 0x0000000086b00000, 0x0000000086c00000|  0%| F|  |TAMS 0x0000000086b00000| PB 0x0000000086b00000| Untracked 
|  54|0x0000000086c00000, 0x0000000086c00000, 0x0000000086d00000|  0%| F|  |TAMS 0x0000000086c00000| PB 0x0000000086c00000| Untracked 
|  55|0x0000000086d00000, 0x0000000086d00000, 0x0000000086e00000|  0%| F|  |TAMS 0x0000000086d00000| PB 0x0000000086d00000| Untracked 
|  56|0x0000000086e00000, 0x0000000086e00000, 0x0000000086f00000|  0%| F|  |TAMS 0x0000000086e00000| PB 0x0000000086e00000| Untracked 
|  57|0x0000000086f00000, 0x0000000086f00000, 0x0000000087000000|  0%| F|  |TAMS 0x0000000086f00000| PB 0x0000000086f00000| Untracked 
|  58|0x0000000087000000, 0x0000000087000000, 0x0000000087100000|  0%| F|  |TAMS 0x0000000087000000| PB 0x0000000087000000| Untracked 
|  59|0x0000000087100000, 0x0000000087100000, 0x0000000087200000|  0%| F|  |TAMS 0x0000000087100000| PB 0x0000000087100000| Untracked 
|  60|0x0000000087200000, 0x0000000087200000, 0x0000000087300000|  0%| F|  |TAMS 0x0000000087200000| PB 0x0000000087200000| Untracked 
|  61|0x0000000087300000, 0x0000000087300000, 0x0000000087400000|  0%| F|  |TAMS 0x0000000087300000| PB 0x0000000087300000| Untracked 
|  62|0x0000000087400000, 0x0000000087400000, 0x0000000087500000|  0%| F|  |TAMS 0x0000000087400000| PB 0x0000000087400000| Untracked 
|  63|0x0000000087500000, 0x0000000087500000, 0x0000000087600000|  0%| F|  |TAMS 0x0000000087500000| PB 0x0000000087500000| Untracked 
|  64|0x0000000087600000, 0x0000000087600000, 0x0000000087700000|  0%| F|  |TAMS 0x0000000087600000| PB 0x0000000087600000| Untracked 
|  65|0x0000000087700000, 0x0000000087700000, 0x0000000087800000|  0%| F|  |TAMS 0x0000000087700000| PB 0x0000000087700000| Untracked 
|  66|0x0000000087800000, 0x0000000087800000, 0x0000000087900000|  0%| F|  |TAMS 0x0000000087800000| PB 0x0000000087800000| Untracked 
|  67|0x0000000087900000, 0x0000000087900000, 0x0000000087a00000|  0%| F|  |TAMS 0x0000000087900000| PB 0x0000000087900000| Untracked 
|  68|0x0000000087a00000, 0x0000000087a00000, 0x0000000087b00000|  0%| F|  |TAMS 0x0000000087a00000| PB 0x0000000087a00000| Untracked 
|  69|0x0000000087b00000, 0x0000000087b00000, 0x0000000087c00000|  0%| F|  |TAMS 0x0000000087b00000| PB 0x0000000087b00000| Untracked 
|  70|0x0000000087c00000, 0x0000000087c00000, 0x0000000087d00000|  0%| F|  |TAMS 0x0000000087c00000| PB 0x0000000087c00000| Untracked 
|  71|0x0000000087d00000, 0x0000000087d00000, 0x0000000087e00000|  0%| F|  |TAMS 0x0000000087d00000| PB 0x0000000087d00000| Untracked 
|  72|0x0000000087e00000, 0x0000000087e00000, 0x0000000087f00000|  0%| F|  |TAMS 0x0000000087e00000| PB 0x0000000087e00000| Untracked 
|  73|0x0000000087f00000, 0x0000000087f00000, 0x0000000088000000|  0%| F|  |TAMS 0x0000000087f00000| PB 0x0000000087f00000| Untracked 
|  74|0x0000000088000000, 0x0000000088000000, 0x0000000088100000|  0%| F|  |TAMS 0x0000000088000000| PB 0x0000000088000000| Untracked 
|  75|0x0000000088100000, 0x0000000088100000, 0x0000000088200000|  0%| F|  |TAMS 0x0000000088100000| PB 0x0000000088100000| Untracked 
|  76|0x0000000088200000, 0x0000000088200000, 0x0000000088300000|  0%| F|  |TAMS 0x0000000088200000| PB 0x0000000088200000| Untracked 
|  77|0x0000000088300000, 0x0000000088300000, 0x0000000088400000|  0%| F|  |TAMS 0x0000000088300000| PB 0x0000000088300000| Untracked 
|  78|0x0000000088400000, 0x0000000088400000, 0x0000000088500000|  0%| F|  |TAMS 0x0000000088400000| PB 0x0000000088400000| Untracked 
|  79|0x0000000088500000, 0x0000000088500000, 0x0000000088600000|  0%| F|  |TAMS 0x0000000088500000| PB 0x0000000088500000| Untracked 
|  80|0x0000000088600000, 0x0000000088600000, 0x0000000088700000|  0%| F|  |TAMS 0x0000000088600000| PB 0x0000000088600000| Untracked 
|  81|0x0000000088700000, 0x0000000088700000, 0x0000000088800000|  0%| F|  |TAMS 0x0000000088700000| PB 0x0000000088700000| Untracked 
|  82|0x0000000088800000, 0x0000000088800000, 0x0000000088900000|  0%| F|  |TAMS 0x0000000088800000| PB 0x0000000088800000| Untracked 
|  83|0x0000000088900000, 0x0000000088900000, 0x0000000088a00000|  0%| F|  |TAMS 0x0000000088900000| PB 0x0000000088900000| Untracked 
|  84|0x0000000088a00000, 0x0000000088a00000, 0x0000000088b00000|  0%| F|  |TAMS 0x0000000088a00000| PB 0x0000000088a00000| Untracked 
|  85|0x0000000088b00000, 0x0000000088b1cef0, 0x0000000088c00000| 11%| S|CS|TAMS 0x0000000088b00000| PB 0x0000000088b00000| Complete 
|  86|0x0000000088c00000, 0x0000000088d00000, 0x0000000088d00000|100%| S|CS|TAMS 0x0000000088c00000| PB 0x0000000088c00000| Complete 
|  87|0x0000000088d00000, 0x0000000088e00000, 0x0000000088e00000|100%| S|CS|TAMS 0x0000000088d00000| PB 0x0000000088d00000| Complete 
|  88|0x0000000088e00000, 0x0000000088f00000, 0x0000000088f00000|100%| S|CS|TAMS 0x0000000088e00000| PB 0x0000000088e00000| Complete 
|  89|0x0000000088f00000, 0x0000000089000000, 0x0000000089000000|100%| S|CS|TAMS 0x0000000088f00000| PB 0x0000000088f00000| Complete 
|  90|0x0000000089000000, 0x0000000089000000, 0x0000000089100000|  0%| F|  |TAMS 0x0000000089000000| PB 0x0000000089000000| Untracked 
|  91|0x0000000089100000, 0x0000000089100000, 0x0000000089200000|  0%| F|  |TAMS 0x0000000089100000| PB 0x0000000089100000| Untracked 
|  92|0x0000000089200000, 0x0000000089200000, 0x0000000089300000|  0%| F|  |TAMS 0x0000000089200000| PB 0x0000000089200000| Untracked 
|  93|0x0000000089300000, 0x0000000089300000, 0x0000000089400000|  0%| F|  |TAMS 0x0000000089300000| PB 0x0000000089300000| Untracked 
|  94|0x0000000089400000, 0x0000000089400000, 0x0000000089500000|  0%| F|  |TAMS 0x0000000089400000| PB 0x0000000089400000| Untracked 
|  95|0x0000000089500000, 0x0000000089500000, 0x0000000089600000|  0%| F|  |TAMS 0x0000000089500000| PB 0x0000000089500000| Untracked 
|  96|0x0000000089600000, 0x0000000089600000, 0x0000000089700000|  0%| F|  |TAMS 0x0000000089600000| PB 0x0000000089600000| Untracked 
|  97|0x0000000089700000, 0x0000000089700000, 0x0000000089800000|  0%| F|  |TAMS 0x0000000089700000| PB 0x0000000089700000| Untracked 
|  98|0x0000000089800000, 0x0000000089800000, 0x0000000089900000|  0%| F|  |TAMS 0x0000000089800000| PB 0x0000000089800000| Untracked 
|  99|0x0000000089900000, 0x0000000089900000, 0x0000000089a00000|  0%| F|  |TAMS 0x0000000089900000| PB 0x0000000089900000| Untracked 
| 100|0x0000000089a00000, 0x0000000089a00000, 0x0000000089b00000|  0%| F|  |TAMS 0x0000000089a00000| PB 0x0000000089a00000| Untracked 
| 101|0x0000000089b00000, 0x0000000089b00000, 0x0000000089c00000|  0%| F|  |TAMS 0x0000000089b00000| PB 0x0000000089b00000| Untracked 
| 102|0x0000000089c00000, 0x0000000089c00000, 0x0000000089d00000|  0%| F|  |TAMS 0x0000000089c00000| PB 0x0000000089c00000| Untracked 
| 103|0x0000000089d00000, 0x0000000089d00000, 0x0000000089e00000|  0%| F|  |TAMS 0x0000000089d00000| PB 0x0000000089d00000| Untracked 
| 104|0x0000000089e00000, 0x0000000089e00000, 0x0000000089f00000|  0%| F|  |TAMS 0x0000000089e00000| PB 0x0000000089e00000| Untracked 
| 105|0x0000000089f00000, 0x0000000089f00000, 0x000000008a000000|  0%| F|  |TAMS 0x0000000089f00000| PB 0x0000000089f00000| Untracked 
| 106|0x000000008a000000, 0x000000008a000000, 0x000000008a100000|  0%| F|  |TAMS 0x000000008a000000| PB 0x000000008a000000| Untracked 
| 107|0x000000008a100000, 0x000000008a100000, 0x000000008a200000|  0%| F|  |TAMS 0x000000008a100000| PB 0x000000008a100000| Untracked 
| 108|0x000000008a200000, 0x000000008a200000, 0x000000008a300000|  0%| F|  |TAMS 0x000000008a200000| PB 0x000000008a200000| Untracked 
| 109|0x000000008a300000, 0x000000008a300000, 0x000000008a400000|  0%| F|  |TAMS 0x000000008a300000| PB 0x000000008a300000| Untracked 
| 110|0x000000008a400000, 0x000000008a400000, 0x000000008a500000|  0%| F|  |TAMS 0x000000008a400000| PB 0x000000008a400000| Untracked 
| 111|0x000000008a500000, 0x000000008a500000, 0x000000008a600000|  0%| F|  |TAMS 0x000000008a500000| PB 0x000000008a500000| Untracked 
| 112|0x000000008a600000, 0x000000008a600000, 0x000000008a700000|  0%| F|  |TAMS 0x000000008a600000| PB 0x000000008a600000| Untracked 
| 113|0x000000008a700000, 0x000000008a700000, 0x000000008a800000|  0%| F|  |TAMS 0x000000008a700000| PB 0x000000008a700000| Untracked 
| 114|0x000000008a800000, 0x000000008a874bb8, 0x000000008a900000| 45%| E|  |TAMS 0x000000008a800000| PB 0x000000008a800000| Complete 
| 115|0x000000008a900000, 0x000000008aa00000, 0x000000008aa00000|100%| E|CS|TAMS 0x000000008a900000| PB 0x000000008a900000| Complete 
| 116|0x000000008aa00000, 0x000000008ab00000, 0x000000008ab00000|100%| E|CS|TAMS 0x000000008aa00000| PB 0x000000008aa00000| Complete 
| 117|0x000000008ab00000, 0x000000008ac00000, 0x000000008ac00000|100%| E|CS|TAMS 0x000000008ab00000| PB 0x000000008ab00000| Complete 
| 118|0x000000008ac00000, 0x000000008ad00000, 0x000000008ad00000|100%| E|CS|TAMS 0x000000008ac00000| PB 0x000000008ac00000| Complete 
| 119|0x000000008ad00000, 0x000000008ae00000, 0x000000008ae00000|100%| E|CS|TAMS 0x000000008ad00000| PB 0x000000008ad00000| Complete 
| 120|0x000000008ae00000, 0x000000008af00000, 0x000000008af00000|100%| E|CS|TAMS 0x000000008ae00000| PB 0x000000008ae00000| Complete 
| 121|0x000000008af00000, 0x000000008b000000, 0x000000008b000000|100%| E|CS|TAMS 0x000000008af00000| PB 0x000000008af00000| Complete 
| 122|0x000000008b000000, 0x000000008b100000, 0x000000008b100000|100%| E|CS|TAMS 0x000000008b000000| PB 0x000000008b000000| Complete 
| 123|0x000000008b100000, 0x000000008b200000, 0x000000008b200000|100%| E|CS|TAMS 0x000000008b100000| PB 0x000000008b100000| Complete 
| 124|0x000000008b200000, 0x000000008b300000, 0x000000008b300000|100%| E|CS|TAMS 0x000000008b200000| PB 0x000000008b200000| Complete 
| 125|0x000000008b300000, 0x000000008b400000, 0x000000008b400000|100%| E|CS|TAMS 0x000000008b300000| PB 0x000000008b300000| Complete 

Card table byte_map: [0x000001c9c1130000,0x000001c9c1520000] _byte_map_base: 0x000001c9c0d15000

Marking Bits: (CMBitMap*) 0x000001c9a973ce90
 Bits: [0x000001c9c1910000, 0x000001c9c3838000)

Polling page: 0x000001c9a8ea0000

Metaspace:

Usage:
  Non-class:     14.66 MB used.
      Class:      2.44 MB used.
       Both:     17.10 MB used.

Virtual space:
  Non-class space:       64.00 MB reserved,      14.81 MB ( 23%) committed,  1 nodes.
      Class space:        1.00 GB reserved,       2.56 MB ( <1%) committed,  1 nodes.
             Both:        1.06 GB reserved,      17.38 MB (  2%) committed. 

Chunk freelists:
   Non-Class:  838.00 KB
       Class:  1.38 MB
        Both:  2.20 MB

MaxMetaspaceSize: unlimited
CompressedClassSpaceSize: 1.00 GB
Initial GC threshold: 21.00 MB
Current GC threshold: 21.00 MB
CDS: on
MetaspaceReclaimPolicy: balanced
 - commit_granule_bytes: 65536.
 - commit_granule_words: 8192.
 - virtual_space_node_default_size: 8388608.
 - enlarge_chunks_in_place: 1.
 - new_chunks_are_fully_committed: 0.
 - uncommit_free_chunks: 1.
 - use_allocation_guard: 0.


Internal statistics:

num_allocs_failed_limit: 0.
num_arena_births: 402.
num_arena_deaths: 0.
num_vsnodes_births: 2.
num_vsnodes_deaths: 0.
num_space_committed: 278.
num_space_uncommitted: 0.
num_chunks_returned_to_freelist: 0.
num_chunks_taken_from_freelist: 946.
num_chunk_merges: 0.
num_chunk_splits: 660.
num_chunks_enlarged: 493.
num_inconsistent_stats: 0.

CodeHeap 'non-profiled nmethods': size=120000Kb used=1251Kb max_used=1251Kb free=118748Kb
 bounds [0x000001c9b94e0000, 0x000001c9b9750000, 0x000001c9c0a10000]
CodeHeap 'profiled nmethods': size=120000Kb used=6040Kb max_used=6040Kb free=113959Kb
 bounds [0x000001c9b1a10000, 0x000001c9b2000000, 0x000001c9b8f40000]
CodeHeap 'non-nmethods': size=5760Kb used=2062Kb max_used=2086Kb free=3698Kb
 bounds [0x000001c9b8f40000, 0x000001c9b91b0000, 0x000001c9b94e0000]
 total_blobs=4033 nmethods=3212 adapters=731
 compilation: enabled
              stopped_count=0, restarted_count=0
 full_count=0

Compilation events (20 events):
Event: 16.180 Thread 0x000001c9c5f858b0 3203       3       java.lang.invoke.DirectMethodHandle::fieldOffset (9 bytes)
Event: 16.181 Thread 0x000001c9c5f858b0 nmethod 3203 0x000001c9b1ff4090 code [0x000001c9b1ff4220, 0x000001c9b1ff4410]
Event: 16.181 Thread 0x000001c9c5f858b0 3194       1       com.google.gson.reflect.TypeToken::hashCode (5 bytes)
Event: 16.181 Thread 0x000001c9c5f858b0 nmethod 3194 0x000001c9b9618390 code [0x000001c9b9618500, 0x000001c9b96185c8]
Event: 16.188 Thread 0x000001c9c5f70080 3205       4       java.util.ArrayList$Itr::checkForComodification (23 bytes)
Event: 16.189 Thread 0x000001c9c5f70080 nmethod 3205 0x000001c9b9618690 code [0x000001c9b9618800, 0x000001c9b96188b0]
Event: 16.192 Thread 0x000001c9c5f858b0 3206       3       java.nio.CharBuffer::position (8 bytes)
Event: 16.192 Thread 0x000001c9c5f858b0 nmethod 3206 0x000001c9b1ff4510 code [0x000001c9b1ff46a0, 0x000001c9b1ff47e8]
Event: 16.192 Thread 0x000001c9c5f858b0 3207       3       java.lang.StackTraceElement::length (13 bytes)
Event: 16.192 Thread 0x000001c9c5f858b0 nmethod 3207 0x000001c9b1ff4890 code [0x000001c9b1ff4a40, 0x000001c9b1ff4ca0]
Event: 16.192 Thread 0x000001c9c5f858b0 3208       3       java.nio.CharBuffer::position (6 bytes)
Event: 16.192 Thread 0x000001c9c5f858b0 nmethod 3208 0x000001c9b1ff4d90 code [0x000001c9b1ff4f20, 0x000001c9b1ff50d0]
Event: 16.192 Thread 0x000001c9c5f858b0 3209       3       java.nio.CharBuffer::arrayOffset (35 bytes)
Event: 16.192 Thread 0x000001c9c5f858b0 nmethod 3209 0x000001c9b1ff5190 code [0x000001c9b1ff5340, 0x000001c9b1ff5618]
Event: 16.192 Thread 0x000001c9c5f858b0 3211       3       java.lang.StringCoding::implEncodeAsciiArray (47 bytes)
Event: 16.192 Thread 0x000001c9c5f70080 3210       4       java.lang.StringBuilder::<init> (7 bytes)
Event: 16.193 Thread 0x000001c9c5f858b0 nmethod 3211 0x000001c9b1ff5790 code [0x000001c9b1ff5920, 0x000001c9b1ff5b70]
Event: 16.193 Thread 0x000001c9c5f858b0 3212       3       java.nio.charset.CoderResult::isUnderflow (13 bytes)
Event: 16.193 Thread 0x000001c9c5f858b0 nmethod 3212 0x000001c9b1ff5d10 code [0x000001c9b1ff5ea0, 0x000001c9b1ff6010]
Event: 16.195 Thread 0x000001c9c5f70080 nmethod 3210 0x000001c9b9618990 code [0x000001c9b9618b00, 0x000001c9b9618cd0]

GC Heap History (4 events):
Event: 0.501 GC heap before
{Heap before GC invocations=0 (full 0):
 garbage-first heap   total 129024K, used 22528K [0x0000000083600000, 0x0000000100000000)
  region size 1024K, 23 young (23552K), 0 survivors (0K)
 Metaspace       used 6270K, committed 6464K, reserved 1114112K
  class space    used 708K, committed 768K, reserved 1048576K
}
Event: 0.504 GC heap after
{Heap after GC invocations=1 (full 0):
 garbage-first heap   total 129024K, used 3072K [0x0000000083600000, 0x0000000100000000)
  region size 1024K, 3 young (3072K), 3 survivors (3072K)
 Metaspace       used 6270K, committed 6464K, reserved 1114112K
  class space    used 708K, committed 768K, reserved 1048576K
}
Event: 1.059 GC heap before
{Heap before GC invocations=1 (full 0):
 garbage-first heap   total 129024K, used 63488K [0x0000000083600000, 0x0000000100000000)
  region size 1024K, 36 young (36864K), 3 survivors (3072K)
 Metaspace       used 14814K, committed 15168K, reserved 1114112K
  class space    used 2261K, committed 2432K, reserved 1048576K
}
Event: 1.064 GC heap after
{Heap after GC invocations=2 (full 0):
 garbage-first heap   total 129024K, used 35222K [0x0000000083600000, 0x0000000100000000)
  region size 1024K, 5 young (5120K), 5 survivors (5120K)
 Metaspace       used 14814K, committed 15168K, reserved 1114112K
  class space    used 2261K, committed 2432K, reserved 1048576K
}

Dll operation events (20 events):
Event: 0.289 Loaded shared library C:\Users\Omidreza\.openjfx\cache\20-ea+4\amd64\api-ms-win-crt-math-l1-1-0.dll
Event: 0.291 Loaded shared library C:\Users\Omidreza\.openjfx\cache\20-ea+4\amd64\api-ms-win-crt-multibyte-l1-1-0.dll
Event: 0.293 Loaded shared library C:\Users\Omidreza\.openjfx\cache\20-ea+4\amd64\api-ms-win-crt-private-l1-1-0.dll
Event: 0.295 Loaded shared library C:\Users\Omidreza\.openjfx\cache\20-ea+4\amd64\api-ms-win-crt-process-l1-1-0.dll
Event: 0.297 Loaded shared library C:\Users\Omidreza\.openjfx\cache\20-ea+4\amd64\api-ms-win-crt-runtime-l1-1-0.dll
Event: 0.299 Loaded shared library C:\Users\Omidreza\.openjfx\cache\20-ea+4\amd64\api-ms-win-crt-stdio-l1-1-0.dll
Event: 0.302 Loaded shared library C:\Users\Omidreza\.openjfx\cache\20-ea+4\amd64\api-ms-win-crt-string-l1-1-0.dll
Event: 0.305 Loaded shared library C:\Users\Omidreza\.openjfx\cache\20-ea+4\amd64\api-ms-win-crt-time-l1-1-0.dll
Event: 0.307 Loaded shared library C:\Users\Omidreza\.openjfx\cache\20-ea+4\amd64\api-ms-win-crt-utility-l1-1-0.dll
Event: 0.317 Loaded shared library C:\Users\Omidreza\.openjfx\cache\20-ea+4\amd64\ucrtbase.dll
Event: 0.320 Loaded shared library C:\Users\Omidreza\.openjfx\cache\20-ea+4\amd64\vcruntime140.dll
Event: 0.322 Loaded shared library C:\Users\Omidreza\.openjfx\cache\20-ea+4\amd64\vcruntime140_1.dll
Event: 0.328 Loaded shared library C:\Users\Omidreza\.openjfx\cache\20-ea+4\amd64\msvcp140.dll
Event: 0.329 Loaded shared library C:\Users\Omidreza\.openjfx\cache\20-ea+4\amd64\msvcp140_1.dll
Event: 0.332 Loaded shared library C:\Users\Omidreza\.openjfx\cache\20-ea+4\amd64\msvcp140_2.dll
Event: 0.359 Loaded shared library C:\Users\Omidreza\.openjfx\cache\20-ea+4\amd64\prism_d3d.dll
Event: 0.392 Loaded shared library C:\Users\Omidreza\.openjfx\cache\20-ea+4\amd64\glass.dll
Event: 0.474 Loaded shared library C:\Users\Omidreza\.jdks\temurin-20.0.1\bin\jimage.dll
Event: 0.610 Loaded shared library C:\Users\Omidreza\.openjfx\cache\20-ea+4\amd64\javafx_font.dll
Event: 0.805 Loaded shared library C:\Users\Omidreza\.openjfx\cache\20-ea+4\amd64\javafx_iio.dll

Deoptimization events (20 events):
Event: 10.789 Thread 0x000001c9cae1eb40 Uncommon trap: trap_request=0xffffffde fr.pc=0x000001c9b960d8a8 relative=0x0000000000001048
Event: 10.789 Thread 0x000001c9cae1eb40 Uncommon trap: reason=class_check action=maybe_recompile pc=0x000001c9b960d8a8 method=javafx.scene.Node.updateLocalToParentTransform()V @ 11 c2
Event: 10.789 Thread 0x000001c9cae1eb40 DEOPT PACKING pc=0x000001c9b960d8a8 sp=0x000000490abfbc60
Event: 10.789 Thread 0x000001c9cae1eb40 DEOPT UNPACKING pc=0x000001c9b8f5d2a2 sp=0x000000490abfbc10 mode 2
Event: 10.795 Thread 0x000001c9cae1eb40 Uncommon trap: trap_request=0xffffffde fr.pc=0x000001c9b960d8a8 relative=0x0000000000001048
Event: 10.795 Thread 0x000001c9cae1eb40 Uncommon trap: reason=class_check action=maybe_recompile pc=0x000001c9b960d8a8 method=javafx.scene.Node.updateLocalToParentTransform()V @ 11 c2
Event: 10.795 Thread 0x000001c9cae1eb40 DEOPT PACKING pc=0x000001c9b960d8a8 sp=0x000000490abfc5f0
Event: 10.795 Thread 0x000001c9cae1eb40 DEOPT UNPACKING pc=0x000001c9b8f5d2a2 sp=0x000000490abfc5a8 mode 2
Event: 10.798 Thread 0x000001c9cae1eb40 Uncommon trap: trap_request=0xffffffde fr.pc=0x000001c9b960d8a8 relative=0x0000000000001048
Event: 10.798 Thread 0x000001c9cae1eb40 Uncommon trap: reason=class_check action=maybe_recompile pc=0x000001c9b960d8a8 method=javafx.scene.Node.updateLocalToParentTransform()V @ 11 c2
Event: 10.798 Thread 0x000001c9cae1eb40 DEOPT PACKING pc=0x000001c9b960d8a8 sp=0x000000490abfa7d0
Event: 10.798 Thread 0x000001c9cae1eb40 DEOPT UNPACKING pc=0x000001c9b8f5d2a2 sp=0x000000490abfa780 mode 2
Event: 10.799 Thread 0x000001c9cae1eb40 Uncommon trap: trap_request=0xffffffde fr.pc=0x000001c9b960d8a8 relative=0x0000000000001048
Event: 10.799 Thread 0x000001c9cae1eb40 Uncommon trap: reason=class_check action=maybe_recompile pc=0x000001c9b960d8a8 method=javafx.scene.Node.updateLocalToParentTransform()V @ 11 c2
Event: 10.799 Thread 0x000001c9cae1eb40 DEOPT PACKING pc=0x000001c9b960d8a8 sp=0x000000490abfa900
Event: 10.799 Thread 0x000001c9cae1eb40 DEOPT UNPACKING pc=0x000001c9b8f5d2a2 sp=0x000000490abfa8b0 mode 2
Event: 16.174 Thread 0x000001c9cae1eb40 Uncommon trap: trap_request=0xffffff45 fr.pc=0x000001c9b953c9ac relative=0x000000000000012c
Event: 16.174 Thread 0x000001c9cae1eb40 Uncommon trap: reason=unstable_if action=reinterpret pc=0x000001c9b953c9ac method=java.util.regex.Pattern$Branch.match(Ljava/util/regex/Matcher;ILjava/lang/CharSequence;)Z @ 19 c2
Event: 16.174 Thread 0x000001c9cae1eb40 DEOPT PACKING pc=0x000001c9b953c9ac sp=0x000000490abfc840
Event: 16.174 Thread 0x000001c9cae1eb40 DEOPT UNPACKING pc=0x000001c9b8f5d2a2 sp=0x000000490abfc7d8 mode 2

Classes loaded (20 events):
Event: 5.122 Loading class java/text/StringCharacterIterator
Event: 5.122 Loading class java/text/StringCharacterIterator done
Event: 5.122 Loading class sun/util/locale/provider/BreakIteratorProviderImpl$CharacterIteratorCharSequence
Event: 5.122 Loading class sun/util/locale/provider/BreakIteratorProviderImpl$CharacterIteratorCharSequence done
Event: 5.122 Loading class java/text/BreakIterator$BreakIteratorCache
Event: 5.122 Loading class java/text/BreakIterator$BreakIteratorCache done
Event: 10.802 Loading class java/lang/invoke/WrongMethodTypeException
Event: 10.802 Loading class java/lang/invoke/WrongMethodTypeException done
Event: 10.802 Loading class java/lang/Throwable$WrappedPrintStream
Event: 10.802 Loading class java/lang/Throwable$PrintStreamOrWriter
Event: 10.802 Loading class java/lang/Throwable$PrintStreamOrWriter done
Event: 10.802 Loading class java/lang/Throwable$WrappedPrintStream done
Event: 16.172 Loading class java/io/FileWriter
Event: 16.172 Loading class java/io/FileWriter done
Event: 16.174 Loading class java/util/Formatter$FixedString
Event: 16.174 Loading class java/util/Formatter$FixedString done
Event: 16.176 Loading class sun/reflect/misc/ReflectUtil
Event: 16.176 Loading class sun/reflect/misc/ReflectUtil done
Event: 16.180 Loading class java/io/FileOutputStream$1
Event: 16.180 Loading class java/io/FileOutputStream$1 done

Classes unloaded (0 events):
No events

Classes redefined (0 events):
No events

Internal exceptions (20 events):
Event: 0.973 Thread 0x000001c9cae1eb40 Exception <a 'sun/nio/fs/WindowsException'{0x0000000089625888}> (0x0000000089625888) 
thrown [s\src\hotspot\share\prims\jni.cpp, line 519]
Event: 0.986 Thread 0x000001c9cae1eb40 Exception <a 'java/lang/IncompatibleClassChangeError'{0x000000008958d700}: Found class java.lang.Object, but interface was expected> (0x000000008958d700) 
thrown [s\src\hotspot\share\interpreter\linkResolver.cpp, line 840]
Event: 1.006 Thread 0x000001c9cae1eb40 Exception <a 'java/lang/ClassNotFoundException'{0x000000008935cf48}: com/sun/javafx/scene/control/skin/resources/controls> (0x000000008935cf48) 
thrown [s\src\hotspot\share\prims\jni.cpp, line 538]
Event: 1.007 Thread 0x000001c9cae1eb40 Exception <a 'java/lang/ClassNotFoundException'{0x000000008936ad20}: com/sun/javafx/scene/control/skin/resources/controls_en> (0x000000008936ad20) 
thrown [s\src\hotspot\share\prims\jni.cpp, line 538]
Event: 1.007 Thread 0x000001c9cae1eb40 Exception <a 'java/lang/ClassNotFoundException'{0x000000008936bcc8}: com/sun/javafx/scene/control/skin/resources/controls_en_US> (0x000000008936bcc8) 
thrown [s\src\hotspot\share\prims\jni.cpp, line 538]
Event: 1.027 Thread 0x000001c9cae1eb40 Implicit null exception at 0x000001c9b955291c to 0x000001c9b9552b78
Event: 1.028 Thread 0x000001c9cae1eb40 Exception <a 'java/lang/NoSuchMethodError'{0x00000000891212b8}: 'void java.lang.invoke.DirectMethodHandle$Holder.invokeSpecial(java.lang.Object, java.lang.Object, java.lang.Object, java.lang.Object, java.lang.Object, java.lang.Object)'> (0x00000000891212b8) 
thrown [s\src\hotspot\share\interpreter\linkResolver.cpp, line 773]
Event: 1.029 Thread 0x000001c9cae1eb40 Implicit null exception at 0x000001c9b9551a9a to 0x000001c9b9551cf8
Event: 1.080 Thread 0x000001c9c5f6e060 Exception <a 'java/lang/NoSuchMethodError'{0x000000008b2591b0}: 'java.lang.Object java.lang.invoke.DirectMethodHandle$Holder.invokeStaticInit(java.lang.Object, int)'> (0x000000008b2591b0) 
thrown [s\src\hotspot\share\interpreter\linkResolver.cpp, line 773]
Event: 1.100 Thread 0x000001c9cae1eb40 Exception <a 'java/lang/NoSuchMethodError'{0x000000008b1f18d0}: 'int java.lang.invoke.DirectMethodHandle$Holder.invokeSpecial(java.lang.Object, java.lang.Object, int)'> (0x000000008b1f18d0) 
thrown [s\src\hotspot\share\interpreter\linkResolver.cpp, line 773]
Event: 1.100 Thread 0x000001c9cae1eb40 Exception <a 'java/lang/NoSuchMethodError'{0x000000008b1ff0a0}: 'int java.lang.invoke.DirectMethodHandle$Holder.invokeSpecial(java.lang.Object, java.lang.Object, java.lang.Object, int)'> (0x000000008b1ff0a0) 
thrown [s\src\hotspot\share\interpreter\linkResolver.cpp, line 773]
Event: 1.114 Thread 0x000001c9cae1eb40 Exception <a 'java/lang/NoSuchMethodError'{0x000000008b067a08}: 'java.lang.Object java.lang.invoke.DirectMethodHandle$Holder.newInvokeSpecial(java.lang.Object, java.lang.Object, int)'> (0x000000008b067a08) 
thrown [s\src\hotspot\share\interpreter\linkResolver.cpp, line 773]
Event: 1.150 Thread 0x000001c9cab8b1f0 Exception <a 'java/lang/NoSuchMethodError'{0x000000008af8e3c8}: 'int java.lang.invoke.DirectMethodHandle$Holder.invokeStaticInit(java.lang.Object, java.lang.Object)'> (0x000000008af8e3c8) 
thrown [s\src\hotspot\share\interpreter\linkResolver.cpp, line 773]
Event: 1.159 Thread 0x000001c9cae1eb40 Exception <a 'java/lang/NoSuchMethodError'{0x000000008af49868}: 'long java.lang.invoke.DirectMethodHandle$Holder.invokeStatic(java.lang.Object, java.lang.Object, java.lang.Object)'> (0x000000008af49868) 
thrown [s\src\hotspot\share\interpreter\linkResolver.cpp, line 773]
Event: 1.160 Thread 0x000001c9cae1eb40 Exception <a 'java/lang/NoSuchMethodError'{0x000000008af4cc38}: 'long java.lang.invoke.DirectMethodHandle$Holder.invokeStaticInit(java.lang.Object, java.lang.Object, java.lang.Object)'> (0x000000008af4cc38) 
thrown [s\src\hotspot\share\interpreter\linkResolver.cpp, line 773]
Event: 1.163 Thread 0x000001c9cae1eb40 Exception <a 'java/lang/NoSuchMethodError'{0x000000008af64c90}: 'java.lang.Object java.lang.invoke.DirectMethodHandle$Holder.newInvokeSpecial(java.lang.Object, java.lang.Object, long)'> (0x000000008af64c90) 
thrown [s\src\hotspot\share\interpreter\linkResolver.cpp, line 773]
Event: 1.164 Thread 0x000001c9cae1eb40 Exception <a 'java/lang/NoSuchMethodError'{0x000000008af68588}: 'java.lang.Object java.lang.invoke.Invokers$Holder.linkToTargetMethod(java.lang.Object, long, java.lang.Object)'> (0x000000008af68588) 
thrown [s\src\hotspot\share\interpreter\linkResolver.cpp, line 773]
Event: 10.789 Thread 0x000001c9cae1eb40 Implicit null exception at 0x000001c9b960043e to 0x000001c9b96004a4
Event: 10.802 Thread 0x000001c9cae1eb40 Exception <a 'java/lang/IllegalMonitorStateException'{0x000000008a9c5f48}: current thread is not owner> (0x000000008a9c5f48) 
thrown [s\src\hotspot\share\runtime\objectMonitor.cpp, line 1416]
Event: 16.177 Thread 0x000001c9cae1eb40 Exception <a 'java/lang/NoSuchMethodError'{0x000000008a9ff538}: 'int java.lang.invoke.Invokers$Holder.invokeExact_MT(java.lang.Object, java.lang.Object, java.lang.Object)'> (0x000000008a9ff538) 
thrown [s\src\hotspot\share\interpreter\linkResolver.cpp, line 773]

VM Operations (20 events):
Event: 3.064 Executing VM operation: Cleanup
Event: 3.064 Executing VM operation: Cleanup done
Event: 4.064 Executing VM operation: Cleanup
Event: 4.065 Executing VM operation: Cleanup done
Event: 5.065 Executing VM operation: Cleanup
Event: 5.065 Executing VM operation: Cleanup done
Event: 7.065 Executing VM operation: Cleanup
Event: 7.066 Executing VM operation: Cleanup done
Event: 8.066 Executing VM operation: Cleanup
Event: 8.066 Executing VM operation: Cleanup done
Event: 9.066 Executing VM operation: Cleanup
Event: 9.067 Executing VM operation: Cleanup done
Event: 11.067 Executing VM operation: Cleanup
Event: 11.067 Executing VM operation: Cleanup done
Event: 12.068 Executing VM operation: Cleanup
Event: 12.068 Executing VM operation: Cleanup done
Event: 16.069 Executing VM operation: Cleanup
Event: 16.070 Executing VM operation: Cleanup done
Event: 16.173 Executing VM operation: HandshakeAllThreads
Event: 16.173 Executing VM operation: HandshakeAllThreads done

Events (20 events):
Event: 0.036 Thread 0x000001c9c5f6e9a0 Thread added: 0x000001c9c5f6e9a0
Event: 0.036 Thread 0x000001c9c5f6f2e0 Thread added: 0x000001c9c5f6f2e0
Event: 0.036 Thread 0x000001c9c5f70080 Thread added: 0x000001c9c5f70080
Event: 0.036 Thread 0x000001c9c5f858b0 Thread added: 0x000001c9c5f858b0
Event: 0.059 Thread 0x000001c9ca4d7900 Thread added: 0x000001c9ca4d7900
Event: 0.104 Thread 0x000001c9ca5e3460 Thread added: 0x000001c9ca5e3460
Event: 0.146 Thread 0x000001c9ca6b41c0 Thread added: 0x000001c9ca6b41c0
Event: 0.160 Thread 0x000001c9ca7de040 Thread added: 0x000001c9ca7de040
Event: 0.160 Thread 0x000001c9ca78a2f0 Thread added: 0x000001c9ca78a2f0
Event: 0.353 Thread 0x000001c9cab8b1f0 Thread added: 0x000001c9cab8b1f0
Event: 0.394 Thread 0x000001c9cae1be00 Thread added: 0x000001c9cae1be00
Event: 0.396 Thread 0x000001c9cae1eb40 Thread added: 0x000001c9cae1eb40
Event: 0.439 Thread 0x000001c9ca6b41c0 Thread exited: 0x000001c9ca6b41c0
Event: 0.451 Thread 0x000001c9cfc256a0 Thread added: 0x000001c9cfc256a0
Event: 0.452 Thread 0x000001c9cfc25bf0 Thread added: 0x000001c9cfc25bf0
Event: 0.644 Thread 0x000001c9cfebd1b0 Thread added: 0x000001c9cfebd1b0
Event: 0.981 Thread 0x000001c9d0286040 Thread added: 0x000001c9d0286040
Event: 1.260 Thread 0x000001c9d0284b00 Thread added: 0x000001c9d0284b00
Event: 1.540 Thread 0x000001c9cfebd1b0 Thread exited: 0x000001c9cfebd1b0
Event: 1.540 Thread 0x000001c9ca5e3460 Thread exited: 0x000001c9ca5e3460


Dynamic libraries:
0x00007ff7638f0000 - 0x00007ff7638fe000 	C:\Users\Omidreza\.jdks\temurin-20.0.1\bin\java.exe
0x00007ffa8fb70000 - 0x00007ffa8fd84000 	C:\Windows\SYSTEM32\ntdll.dll
0x00007ffa8ee60000 - 0x00007ffa8ef22000 	C:\Windows\System32\KERNEL32.DLL
0x00007ffa8d500000 - 0x00007ffa8d8a3000 	C:\Windows\System32\KERNELBASE.dll
0x00007ffa8cf90000 - 0x00007ffa8d0a1000 	C:\Windows\System32\ucrtbase.dll
0x00007ffa718d0000 - 0x00007ffa718eb000 	C:\Users\Omidreza\.jdks\temurin-20.0.1\bin\VCRUNTIME140.dll
0x00007ffa74140000 - 0x00007ffa74157000 	C:\Users\Omidreza\.jdks\temurin-20.0.1\bin\jli.dll
0x00007ffa8dab0000 - 0x00007ffa8dc5b000 	C:\Windows\System32\USER32.dll
0x00007ffa8d1d0000 - 0x00007ffa8d1f6000 	C:\Windows\System32\win32u.dll
0x00007ffa8e2f0000 - 0x00007ffa8e319000 	C:\Windows\System32\GDI32.dll
0x00007ffa8d0b0000 - 0x00007ffa8d1c8000 	C:\Windows\System32\gdi32full.dll
0x00007ffa71fa0000 - 0x00007ffa7222e000 	C:\Windows\WinSxS\amd64_microsoft.windows.common-controls_6595b64144ccf1df_6.0.22621.1635_none_270f70857386168e\COMCTL32.dll
0x00007ffa8d2f0000 - 0x00007ffa8d38a000 	C:\Windows\System32\msvcp_win.dll
0x00007ffa8e190000 - 0x00007ffa8e237000 	C:\Windows\System32\msvcrt.dll
0x00007ffa8f420000 - 0x00007ffa8f451000 	C:\Windows\System32\IMM32.DLL
0x00007ffa747d0000 - 0x00007ffa747dc000 	C:\Users\Omidreza\.jdks\temurin-20.0.1\bin\vcruntime140_1.dll
0x00007ffa49140000 - 0x00007ffa491cd000 	C:\Users\Omidreza\.jdks\temurin-20.0.1\bin\msvcp140.dll
0x00007ffa1b3d0000 - 0x00007ffa1c0de000 	C:\Users\Omidreza\.jdks\temurin-20.0.1\bin\server\jvm.dll
0x00007ffa8f180000 - 0x00007ffa8f22e000 	C:\Windows\System32\ADVAPI32.dll
0x00007ffa8e240000 - 0x00007ffa8e2e4000 	C:\Windows\System32\sechost.dll
0x00007ffa8ef80000 - 0x00007ffa8f097000 	C:\Windows\System32\RPCRT4.dll
0x00007ffa84280000 - 0x00007ffa8428a000 	C:\Windows\SYSTEM32\VERSION.dll
0x00007ffa851a0000 - 0x00007ffa851d4000 	C:\Windows\SYSTEM32\WINMM.dll
0x00007ffa880f0000 - 0x00007ffa880f9000 	C:\Windows\SYSTEM32\WSOCK32.dll
0x00007ffa8f460000 - 0x00007ffa8f4d1000 	C:\Windows\System32\WS2_32.dll
0x00007ffa8c090000 - 0x00007ffa8c0a8000 	C:\Windows\SYSTEM32\kernel.appcore.dll
0x00007ffa74760000 - 0x00007ffa7476a000 	C:\Users\Omidreza\.jdks\temurin-20.0.1\bin\jimage.dll
0x00007ffa8a3f0000 - 0x00007ffa8a61e000 	C:\Windows\SYSTEM32\DBGHELP.DLL
0x00007ffa8f4e0000 - 0x00007ffa8f869000 	C:\Windows\System32\combase.dll
0x00007ffa8f0a0000 - 0x00007ffa8f177000 	C:\Windows\System32\OLEAUT32.dll
0x00007ffa803b0000 - 0x00007ffa803e2000 	C:\Windows\SYSTEM32\dbgcore.DLL
0x00007ffa8d200000 - 0x00007ffa8d27b000 	C:\Windows\System32\bcryptPrimitives.dll
0x00007ffa89790000 - 0x00007ffa8979e000 	C:\Users\Omidreza\.jdks\temurin-20.0.1\bin\instrument.dll
0x00007ffa640b0000 - 0x00007ffa640d6000 	C:\Users\Omidreza\.jdks\temurin-20.0.1\bin\java.dll
0x00007ffa36c30000 - 0x00007ffa36d07000 	C:\Users\Omidreza\.jdks\temurin-20.0.1\bin\jsvml.dll
0x00007ffa8e320000 - 0x00007ffa8eb1a000 	C:\Windows\System32\SHELL32.dll
0x00007ffa8af50000 - 0x00007ffa8b81e000 	C:\Windows\SYSTEM32\windows.storage.dll
0x00007ffa8ae10000 - 0x00007ffa8af4e000 	C:\Windows\SYSTEM32\wintypes.dll
0x00007ffa8fa30000 - 0x00007ffa8fb21000 	C:\Windows\System32\SHCORE.dll
0x00007ffa8da30000 - 0x00007ffa8da8e000 	C:\Windows\System32\shlwapi.dll
0x00007ffa8cec0000 - 0x00007ffa8cee1000 	C:\Windows\SYSTEM32\profapi.dll
0x00007ffa61870000 - 0x00007ffa61883000 	C:\Users\Omidreza\.jdks\temurin-20.0.1\bin\net.dll
0x00007ffa87850000 - 0x00007ffa87987000 	C:\Windows\SYSTEM32\WINHTTP.dll
0x00007ffa8c4f0000 - 0x00007ffa8c559000 	C:\Windows\system32\mswsock.dll
0x00007ffa5d9d0000 - 0x00007ffa5d9e6000 	C:\Users\Omidreza\.jdks\temurin-20.0.1\bin\nio.dll
0x00007ffa55ba0000 - 0x00007ffa55bb8000 	C:\Users\Omidreza\.jdks\temurin-20.0.1\bin\zip.dll
0x00007ffa7e260000 - 0x00007ffa7e27a000 	C:\Program Files\JetBrains\IntelliJ IDEA 2022.2\bin\breakgen64.dll
0x000001c9c63d0000 - 0x000001c9c63d3000 	C:\Users\Omidreza\.openjfx\cache\20-ea+4\amd64\api-ms-win-core-console-l1-1-0.dll
0x000001c9c63e0000 - 0x000001c9c63e3000 	C:\Users\Omidreza\.openjfx\cache\20-ea+4\amd64\api-ms-win-core-console-l1-2-0.dll
0x000001c9c63f0000 - 0x000001c9c63f3000 	C:\Users\Omidreza\.openjfx\cache\20-ea+4\amd64\api-ms-win-core-datetime-l1-1-0.dll
0x000001c9cb000000 - 0x000001c9cb003000 	C:\Users\Omidreza\.openjfx\cache\20-ea+4\amd64\api-ms-win-core-debug-l1-1-0.dll
0x000001c9cb010000 - 0x000001c9cb013000 	C:\Users\Omidreza\.openjfx\cache\20-ea+4\amd64\api-ms-win-core-errorhandling-l1-1-0.dll
0x000001c9cb020000 - 0x000001c9cb024000 	C:\Users\Omidreza\.openjfx\cache\20-ea+4\amd64\api-ms-win-core-file-l1-1-0.dll
0x000001c9cb030000 - 0x000001c9cb033000 	C:\Users\Omidreza\.openjfx\cache\20-ea+4\amd64\api-ms-win-core-file-l1-2-0.dll
0x000001c9cb040000 - 0x000001c9cb043000 	C:\Users\Omidreza\.openjfx\cache\20-ea+4\amd64\api-ms-win-core-file-l2-1-0.dll
0x000001c9cb050000 - 0x000001c9cb053000 	C:\Users\Omidreza\.openjfx\cache\20-ea+4\amd64\api-ms-win-core-handle-l1-1-0.dll
0x000001c9cb060000 - 0x000001c9cb063000 	C:\Users\Omidreza\.openjfx\cache\20-ea+4\amd64\api-ms-win-core-heap-l1-1-0.dll
0x000001c9cb070000 - 0x000001c9cb073000 	C:\Users\Omidreza\.openjfx\cache\20-ea+4\amd64\api-ms-win-core-interlocked-l1-1-0.dll
0x000001c9cb080000 - 0x000001c9cb083000 	C:\Users\Omidreza\.openjfx\cache\20-ea+4\amd64\api-ms-win-core-libraryloader-l1-1-0.dll
0x000001c9cb090000 - 0x000001c9cb093000 	C:\Users\Omidreza\.openjfx\cache\20-ea+4\amd64\api-ms-win-core-localization-l1-2-0.dll
0x000001c9cb0a0000 - 0x000001c9cb0a3000 	C:\Users\Omidreza\.openjfx\cache\20-ea+4\amd64\api-ms-win-core-memory-l1-1-0.dll
0x000001c9cb0b0000 - 0x000001c9cb0b3000 	C:\Users\Omidreza\.openjfx\cache\20-ea+4\amd64\api-ms-win-core-namedpipe-l1-1-0.dll
0x000001c9cb0c0000 - 0x000001c9cb0c3000 	C:\Users\Omidreza\.openjfx\cache\20-ea+4\amd64\api-ms-win-core-processenvironment-l1-1-0.dll
0x000001c9cb0d0000 - 0x000001c9cb0d3000 	C:\Users\Omidreza\.openjfx\cache\20-ea+4\amd64\api-ms-win-core-processthreads-l1-1-0.dll
0x000001c9cb0e0000 - 0x000001c9cb0e3000 	C:\Users\Omidreza\.openjfx\cache\20-ea+4\amd64\api-ms-win-core-processthreads-l1-1-1.dll
0x000001c9cb0f0000 - 0x000001c9cb0f3000 	C:\Users\Omidreza\.openjfx\cache\20-ea+4\amd64\api-ms-win-core-profile-l1-1-0.dll
0x000001c9cb100000 - 0x000001c9cb103000 	C:\Users\Omidreza\.openjfx\cache\20-ea+4\amd64\api-ms-win-core-rtlsupport-l1-1-0.dll
0x000001c9cb110000 - 0x000001c9cb113000 	C:\Users\Omidreza\.openjfx\cache\20-ea+4\amd64\api-ms-win-core-string-l1-1-0.dll
0x000001c9cb120000 - 0x000001c9cb123000 	C:\Users\Omidreza\.openjfx\cache\20-ea+4\amd64\api-ms-win-core-synch-l1-1-0.dll
0x000001c9cb130000 - 0x000001c9cb133000 	C:\Users\Omidreza\.openjfx\cache\20-ea+4\amd64\api-ms-win-core-synch-l1-2-0.dll
0x000001c9cb140000 - 0x000001c9cb143000 	C:\Users\Omidreza\.openjfx\cache\20-ea+4\amd64\api-ms-win-core-sysinfo-l1-1-0.dll
0x000001c9cb150000 - 0x000001c9cb153000 	C:\Users\Omidreza\.openjfx\cache\20-ea+4\amd64\api-ms-win-core-timezone-l1-1-0.dll
0x000001c9cb160000 - 0x000001c9cb163000 	C:\Users\Omidreza\.openjfx\cache\20-ea+4\amd64\api-ms-win-core-util-l1-1-0.dll
0x000001c9cb170000 - 0x000001c9cb173000 	C:\Users\Omidreza\.openjfx\cache\20-ea+4\amd64\api-ms-win-crt-conio-l1-1-0.dll
0x000001c9cb180000 - 0x000001c9cb184000 	C:\Users\Omidreza\.openjfx\cache\20-ea+4\amd64\api-ms-win-crt-convert-l1-1-0.dll
0x000001c9cb190000 - 0x000001c9cb193000 	C:\Users\Omidreza\.openjfx\cache\20-ea+4\amd64\api-ms-win-crt-environment-l1-1-0.dll
0x000001c9cb1a0000 - 0x000001c9cb1a3000 	C:\Users\Omidreza\.openjfx\cache\20-ea+4\amd64\api-ms-win-crt-filesystem-l1-1-0.dll
0x000001c9cb1b0000 - 0x000001c9cb1b3000 	C:\Users\Omidreza\.openjfx\cache\20-ea+4\amd64\api-ms-win-crt-heap-l1-1-0.dll
0x000001c9cb1c0000 - 0x000001c9cb1c3000 	C:\Users\Omidreza\.openjfx\cache\20-ea+4\amd64\api-ms-win-crt-locale-l1-1-0.dll
0x000001c9cb1d0000 - 0x000001c9cb1d5000 	C:\Users\Omidreza\.openjfx\cache\20-ea+4\amd64\api-ms-win-crt-math-l1-1-0.dll
0x000001c9cb1e0000 - 0x000001c9cb1e5000 	C:\Users\Omidreza\.openjfx\cache\20-ea+4\amd64\api-ms-win-crt-multibyte-l1-1-0.dll
0x000001c9cb1f0000 - 0x000001c9cb200000 	C:\Users\Omidreza\.openjfx\cache\20-ea+4\amd64\api-ms-win-crt-private-l1-1-0.dll
0x000001c9cb200000 - 0x000001c9cb203000 	C:\Users\Omidreza\.openjfx\cache\20-ea+4\amd64\api-ms-win-crt-process-l1-1-0.dll
0x000001c9cb210000 - 0x000001c9cb214000 	C:\Users\Omidreza\.openjfx\cache\20-ea+4\amd64\api-ms-win-crt-runtime-l1-1-0.dll
0x000001c9cb220000 - 0x000001c9cb224000 	C:\Users\Omidreza\.openjfx\cache\20-ea+4\amd64\api-ms-win-crt-stdio-l1-1-0.dll
0x000001c9cb230000 - 0x000001c9cb234000 	C:\Users\Omidreza\.openjfx\cache\20-ea+4\amd64\api-ms-win-crt-string-l1-1-0.dll
0x000001c9cb240000 - 0x000001c9cb243000 	C:\Users\Omidreza\.openjfx\cache\20-ea+4\amd64\api-ms-win-crt-time-l1-1-0.dll
0x000001c9cb250000 - 0x000001c9cb253000 	C:\Users\Omidreza\.openjfx\cache\20-ea+4\amd64\api-ms-win-crt-utility-l1-1-0.dll
0x00007ffa35440000 - 0x00007ffa3553c000 	C:\Users\Omidreza\.openjfx\cache\20-ea+4\amd64\ucrtbase.dll
0x00007ffa63130000 - 0x00007ffa6314b000 	C:\Users\Omidreza\.openjfx\cache\20-ea+4\amd64\vcruntime140.dll
0x00007ffa711b0000 - 0x00007ffa711bc000 	C:\Users\Omidreza\.openjfx\cache\20-ea+4\amd64\vcruntime140_1.dll
0x00007ffa48520000 - 0x00007ffa485ae000 	C:\Users\Omidreza\.openjfx\cache\20-ea+4\amd64\msvcp140.dll
0x00007ffa6a210000 - 0x00007ffa6a219000 	C:\Users\Omidreza\.openjfx\cache\20-ea+4\amd64\msvcp140_1.dll
0x00007ffa55500000 - 0x00007ffa55530000 	C:\Users\Omidreza\.openjfx\cache\20-ea+4\amd64\msvcp140_2.dll
0x00007ffa546d0000 - 0x00007ffa546fc000 	C:\Users\Omidreza\.openjfx\cache\20-ea+4\amd64\prism_d3d.dll
0x00007ffa7df60000 - 0x00007ffa7e109000 	C:\Windows\system32\d3d9.dll
0x00007ffa8a2e0000 - 0x00007ffa8a30b000 	C:\Windows\SYSTEM32\dwmapi.dll
0x00007ffa8a180000 - 0x00007ffa8a1b6000 	C:\Windows\SYSTEM32\dxcore.dll
0x00007ffa8a070000 - 0x00007ffa8a11b000 	C:\Windows\system32\uxtheme.dll
0x00007ffa33410000 - 0x00007ffa335bc000 	C:\Windows\System32\DriverStore\FileRepository\iigd_dch.inf_amd64_c529b210005a7e19\igdumdim64.dll
0x00007ffa8ecc0000 - 0x00007ffa8ee5c000 	C:\Windows\System32\ole32.dll
0x00007ffa125f0000 - 0x00007ffa1624c000 	C:\Windows\System32\DriverStore\FileRepository\iigd_dch.inf_amd64_c529b210005a7e19\igd9dxva64.dll
0x00007ffa8dc60000 - 0x00007ffa8e0d4000 	C:\Windows\System32\SETUPAPI.dll
0x00007ffa8cc80000 - 0x00007ffa8ccce000 	C:\Windows\SYSTEM32\cfgmgr32.dll
0x00007ffa819f0000 - 0x00007ffa81de0000 	C:\Windows\System32\DriverStore\FileRepository\iigd_dch.inf_amd64_c529b210005a7e19\igdgmm64.dll
0x00007ffa877e0000 - 0x00007ffa87828000 	C:\Windows\SYSTEM32\directxdatabasehelper.dll
0x00007ffa4b840000 - 0x00007ffa4b882000 	C:\Users\Omidreza\.openjfx\cache\20-ea+4\amd64\glass.dll
0x00007ffa8ebc0000 - 0x00007ffa8ecb7000 	C:\Windows\System32\COMDLG32.dll
0x00007ffa8f290000 - 0x00007ffa8f3ae000 	C:\Windows\System32\MSCTF.dll
0x00007ffa89710000 - 0x00007ffa89737000 	C:\Windows\System32\DriverStore\FileRepository\iigd_dch.inf_amd64_c529b210005a7e19\igdinfo64.dll
0x00007ffa8c810000 - 0x00007ffa8c82b000 	C:\Windows\SYSTEM32\CRYPTSP.dll
0x00007ffa8c000000 - 0x00007ffa8c035000 	C:\Windows\system32\rsaenh.dll
0x00007ffa8c7f0000 - 0x00007ffa8c7fc000 	C:\Windows\SYSTEM32\CRYPTBASE.dll
0x00007ffa8c960000 - 0x00007ffa8c988000 	C:\Windows\SYSTEM32\bcrypt.dll
0x00007ffa79020000 - 0x00007ffa7d664000 	C:\Windows\System32\DriverStore\FileRepository\iigd_dch.inf_amd64_c529b210005a7e19\igc64.dll
0x00007ffa55750000 - 0x00007ffa55764000 	C:\Users\Omidreza\.openjfx\cache\20-ea+4\amd64\javafx_font.dll
0x00007ffa88fa0000 - 0x00007ffa89207000 	C:\Windows\SYSTEM32\dwrite.dll
0x00007ffa51a70000 - 0x00007ffa51a9d000 	C:\Users\Omidreza\.openjfx\cache\20-ea+4\amd64\javafx_iio.dll
0x00007ffa8e0e0000 - 0x00007ffa8e190000 	C:\Windows\System32\clbcatq.dll
0x00007ffa88820000 - 0x00007ffa889d0000 	C:\Windows\SYSTEM32\WindowsCodecs.dll
0x00007ffa70f10000 - 0x00007ffa70f6e000 	C:\Windows\system32\dataexchange.dll
0x00007ffa84dc0000 - 0x00007ffa85037000 	C:\Windows\system32\twinapi.appcore.dll
0x00007ffa492c0000 - 0x00007ffa492f2000 	C:\Program Files\Common Files\Microsoft Shared\Ink\rtscom.dll
0x00007ffa76260000 - 0x00007ffa7638d000 	C:\Windows\SYSTEM32\textinputframework.dll
0x00007ffa89be0000 - 0x00007ffa89d13000 	C:\Windows\SYSTEM32\CoreMessaging.dll
0x00007ffa86f30000 - 0x00007ffa8729c000 	C:\Windows\SYSTEM32\CoreUIComponents.dll

dbghelp: loaded successfully - version: 4.0.5 - missing functions: none
symbol engine: initialized successfully - sym options: 0x614 - pdb path: .;C:\Users\Omidreza\.jdks\temurin-20.0.1\bin;C:\Windows\SYSTEM32;C:\Windows\WinSxS\amd64_microsoft.windows.common-controls_6595b64144ccf1df_6.0.22621.1635_none_270f70857386168e;C:\Users\Omidreza\.jdks\temurin-20.0.1\bin\server;C:\Program Files\JetBrains\IntelliJ IDEA 2022.2\bin;C:\Users\Omidreza\.openjfx\cache\20-ea+4\amd64;C:\Windows\System32\DriverStore\FileRepository\iigd_dch.inf_amd64_c529b210005a7e19;C:\Program Files\Common Files\Microsoft Shared\Ink

VM Arguments:
jvm_args: -javaagent:C:\Program Files\JetBrains\IntelliJ IDEA 2022.2\lib\idea_rt.jar=7234:C:\Program Files\JetBrains\IntelliJ IDEA 2022.2\bin -Dfile.encoding=UTF-8 -Dsun.stdout.encoding=UTF-8 -Dsun.stderr.encoding=UTF-8 --module-path=C:\Users\Omidreza\.m2\repository\org\openjfx\javafx-media\20-ea+4\javafx-media-20-ea+4-win.jar;C:\Users\Omidreza\.m2\repository\com\google\code\gson\gson\2.10.1\gson-2.10.1.jar;C:\Users\Omidreza\.m2\repository\org\openjfx\javafx-fxml\20-ea+4\javafx-fxml-20-ea+4-win.jar;C:\Users\Omidreza\.m2\repository\org\openjfx\javafx-base\20-ea+4\javafx-base-20-ea+4-win.jar;C:\Users\Omidreza\IdeaProjects\project-group-18\target\classes;C:\Users\Omidreza\.m2\repository\org\openjfx\javafx-graphics\20-ea+4\javafx-graphics-20-ea+4-win.jar;C:\Users\Omidreza\.m2\repository\org\openjfx\javafx-controls\20-ea+4\javafx-controls-20-ea+4-win.jar -Djdk.module.main=com.example 
java_command: com.example/com.example.view.Main
java_class_path (initial): C:\Users\Omidreza\.m2\repository\org\openjfx\javafx-controls\20-ea+4\javafx-controls-20-ea+4.jar;C:\Users\Omidreza\.m2\repository\org\openjfx\javafx-graphics\20-ea+4\javafx-graphics-20-ea+4.jar;C:\Users\Omidreza\.m2\repository\org\openjfx\javafx-base\20-ea+4\javafx-base-20-ea+4.jar;C:\Users\Omidreza\.m2\repository\org\openjfx\javafx-fxml\20-ea+4\javafx-fxml-20-ea+4.jar;C:\Users\Omidreza\.m2\repository\org\openjfx\javafx-media\20-ea+4\javafx-media-20-ea+4.jar
Launcher Type: SUN_STANDARD

[Global flags]
     intx CICompilerCount                          = 4                                         {product} {ergonomic}
     uint ConcGCThreads                            = 2                                         {product} {ergonomic}
     uint G1ConcRefinementThreads                  = 8                                         {product} {ergonomic}
   size_t G1HeapRegionSize                         = 1048576                                   {product} {ergonomic}
    uintx GCDrainStackTargetSize                   = 64                                        {product} {ergonomic}
   size_t InitialHeapSize                          = 132120576                                 {product} {ergonomic}
   size_t MarkStackSize                            = 4194304                                   {product} {ergonomic}
   size_t MaxHeapSize                              = 2090860544                                {product} {ergonomic}
   size_t MaxNewSize                               = 1254096896                                {product} {ergonomic}
   size_t MinHeapDeltaBytes                        = 1048576                                   {product} {ergonomic}
   size_t MinHeapSize                              = 8388608                                   {product} {ergonomic}
    uintx NonNMethodCodeHeapSize                   = 5839372                                {pd product} {ergonomic}
    uintx NonProfiledCodeHeapSize                  = 122909434                              {pd product} {ergonomic}
    uintx ProfiledCodeHeapSize                     = 122909434                              {pd product} {ergonomic}
    uintx ReservedCodeCacheSize                    = 251658240                              {pd product} {ergonomic}
     bool SegmentedCodeCache                       = true                                      {product} {ergonomic}
   size_t SoftMaxHeapSize                          = 2090860544                             {manageable} {ergonomic}
     bool UseCompressedClassPointers               = true                           {product lp64_product} {ergonomic}
     bool UseCompressedOops                        = true                           {product lp64_product} {ergonomic}
     bool UseG1GC                                  = true                                      {product} {ergonomic}
     bool UseLargePagesIndividualAllocation        = false                                  {pd product} {ergonomic}

Logging:
Log output configuration:
 #0: stdout all=warning uptime,level,tags foldmultilines=false
 #1: stderr all=off uptime,level,tags foldmultilines=false

Environment Variables:
PATH=C:\Program Files (x86)\Common Files\Oracle\Java\javapath;C:\Windows\system32;C:\Windows;C:\Windows\System32\Wbem;C:\Windows\System32\WindowsPowerShell\v1.0\;C:\Windows\System32\OpenSSH\;C:\Program Files\Git\cmd;C:\Users\Omidreza\AppData\Local\Programs\Python\Python311\Scripts\;C:\Users\Omidreza\AppData\Local\Programs\Python\Python311\;C:\Users\Omidreza\AppData\Local\Microsoft\WindowsApps;;C:\Users\Omidreza\AppData\Local\Programs\Microsoft VS Code\bin;C:\Program Files\JetBrains\IntelliJ IDEA 2022.2\bin;
USERNAME=Omidreza
OS=Windows_NT
PROCESSOR_IDENTIFIER=Intel64 Family 6 Model 140 Stepping 1, GenuineIntel
TMP=C:\Users\Omidreza\AppData\Local\Temp
TEMP=C:\Users\Omidreza\AppData\Local\Temp




---------------  S Y S T E M  ---------------

OS:
 Windows 11 , 64 bit Build 22621 (10.0.22621.1635)
OS uptime: 16 days 23:54 hours
Hyper-V role detected

CPU: total 8 (initial active 8) (4 cores per cpu, 2 threads per core) family 6 model 140 stepping 1 microcode 0x86, cx8, cmov, fxsr, ht, mmx, 3dnowpref, sse, sse2, sse3, ssse3, sse4.1, sse4.2, popcnt, lzcnt, tsc, tscinvbit, avx, avx2, aes, erms, clmul, bmi1, bmi2, adx, avx512f, avx512dq, avx512cd, avx512bw, avx512vl, sha, fma, vzeroupper, avx512_vpopcntdq, avx512_vpclmulqdq, avx512_vaes, avx512_vnni, clflush, clflushopt, clwb, avx512_vbmi2, avx512_vbmi, hv, rdtscp, rdpid, fsrm, gfni, avx512_bitalg, f16c, cet_ibt, cet_ss, avx512_ifma

Memory: 4k page, system-wide physical 7975M (1190M free)
TotalPageFile size 14887M (AvailPageFile size 2146M)
current process WorkingSet (physical memory assigned to process): 312M, peak: 337M
current process commit charge ("private bytes"): 401M, peak: 428M

vm_info: OpenJDK 64-Bit Server VM (20.0.1+9) for windows-amd64 JRE (20.0.1+9), built on 2023-04-18T00:00:00Z by "temurin" with MS VC++ 16.10 / 16.11 (VS2019)

END.
